2026-01-05 13:38:42,515 - {'optimizer': {'name': 'adam', 'lr': 0.001, 'weight_decay': 0}, 'train': {'epoch': 200, 'batch_size': 1024, 'save_model': False, 'loss': 'pairwise', 'test_step': 1, 'patience': 10, 'reproducible': True, 'seed': 2025, 'log_loss': True, 'early_stop': True}, 'test': {'metrics': ['recall', 'ndcg', 'hr'], 'k': [5, 10, 20], 'batch_size': 1024, 'eval_at_one_forward': True}, 'data': {'type': 'kg', 'name': 'coco', 'dir': './datasets/kg/coco_kg/', 'user_num': 24036, 'item_num': 8196, 'entity_num': 11246, 'node_num': 35282, 'relation_num': 11, 'triplet_num': 209966}, 'model': {'name': 'iacd', 'embedding_size': 64, 'layer_num': 2, 'kg_layer_num': 2, 'intent_size': 4, 'reg_weight': 0.001, 'cl_weight': 0.01, 'temperature': 0.2}, 'tune': {'enable': False}, 'device': 'cuda'}
2026-01-05 13:41:16,960 - [Epoch   0 / 200] bpr_loss: 0.4271 cl_loss: 6.8220 reg_loss: 0.0002 
2026-01-05 13:41:19,733 - Epoch   0 Test set [recall@5: 0.0289 recall@10: 0.0458 recall@20: 0.0715 ] Test set [ndcg@5: 0.0227 ndcg@10: 0.0294 ndcg@20: 0.0377 ] Test set [hr@5: 0.0674 hr@10: 0.1044 hr@20: 0.1588 ] 
2026-01-05 13:41:19,735 - Validation score increased. Copying the best model ...
2026-01-05 13:43:53,504 - [Epoch   1 / 200] bpr_loss: 0.2718 cl_loss: 6.6032 reg_loss: 0.0005 
2026-01-05 13:43:55,468 - Epoch   1 Test set [recall@5: 0.0338 recall@10: 0.0540 recall@20: 0.0884 ] Test set [ndcg@5: 0.0272 ndcg@10: 0.0354 ndcg@20: 0.0464 ] Test set [hr@5: 0.0774 hr@10: 0.1228 hr@20: 0.1923 ] 
2026-01-05 13:43:55,469 - Validation score increased. Copying the best model ...
2026-01-05 13:46:28,620 - [Epoch   2 / 200] bpr_loss: 0.2172 cl_loss: 6.4176 reg_loss: 0.0008 
2026-01-05 13:46:31,269 - Epoch   2 Test set [recall@5: 0.0366 recall@10: 0.0602 recall@20: 0.0974 ] Test set [ndcg@5: 0.0299 ndcg@10: 0.0393 ndcg@20: 0.0512 ] Test set [hr@5: 0.0837 hr@10: 0.1349 hr@20: 0.2090 ] 
2026-01-05 13:46:31,271 - Validation score increased. Copying the best model ...
2026-01-05 13:49:05,008 - [Epoch   3 / 200] bpr_loss: 0.1946 cl_loss: 6.2862 reg_loss: 0.0010 
2026-01-05 13:49:07,938 - Epoch   3 Test set [recall@5: 0.0391 recall@10: 0.0629 recall@20: 0.0999 ] Test set [ndcg@5: 0.0325 ndcg@10: 0.0419 ndcg@20: 0.0538 ] Test set [hr@5: 0.0899 hr@10: 0.1411 hr@20: 0.2135 ] 
2026-01-05 13:49:07,940 - Validation score increased. Copying the best model ...
2026-01-05 13:51:41,792 - [Epoch   4 / 200] bpr_loss: 0.1809 cl_loss: 6.2033 reg_loss: 0.0011 
2026-01-05 13:51:44,496 - Epoch   4 Test set [recall@5: 0.0378 recall@10: 0.0630 recall@20: 0.1031 ] Test set [ndcg@5: 0.0306 ndcg@10: 0.0407 ndcg@20: 0.0535 ] Test set [hr@5: 0.0869 hr@10: 0.1425 hr@20: 0.2194 ] 
2026-01-05 13:51:44,496 - Early stop counter: 1 out of 10
2026-01-05 13:54:18,354 - [Epoch   5 / 200] bpr_loss: 0.1701 cl_loss: 6.1416 reg_loss: 0.0013 
2026-01-05 13:54:21,056 - Epoch   5 Test set [recall@5: 0.0387 recall@10: 0.0651 recall@20: 0.1064 ] Test set [ndcg@5: 0.0309 ndcg@10: 0.0415 ndcg@20: 0.0548 ] Test set [hr@5: 0.0888 hr@10: 0.1469 hr@20: 0.2265 ] 
2026-01-05 13:54:21,057 - Early stop counter: 2 out of 10
2026-01-05 13:56:55,212 - [Epoch   6 / 200] bpr_loss: 0.1629 cl_loss: 6.0859 reg_loss: 0.0014 
2026-01-05 13:56:57,833 - Epoch   6 Test set [recall@5: 0.0403 recall@10: 0.0682 recall@20: 0.1096 ] Test set [ndcg@5: 0.0327 ndcg@10: 0.0438 ndcg@20: 0.0572 ] Test set [hr@5: 0.0929 hr@10: 0.1523 hr@20: 0.2329 ] 
2026-01-05 13:56:57,834 - Validation score increased. Copying the best model ...
2026-01-05 13:59:31,816 - [Epoch   7 / 200] bpr_loss: 0.1561 cl_loss: 6.0357 reg_loss: 0.0016 
2026-01-05 13:59:34,499 - Epoch   7 Test set [recall@5: 0.0410 recall@10: 0.0680 recall@20: 0.1092 ] Test set [ndcg@5: 0.0338 ndcg@10: 0.0447 ndcg@20: 0.0580 ] Test set [hr@5: 0.0937 hr@10: 0.1532 hr@20: 0.2332 ] 
2026-01-05 13:59:34,501 - Validation score increased. Copying the best model ...
2026-01-05 14:02:08,368 - [Epoch   8 / 200] bpr_loss: 0.1511 cl_loss: 5.9957 reg_loss: 0.0017 
2026-01-05 14:02:11,390 - Epoch   8 Test set [recall@5: 0.0439 recall@10: 0.0719 recall@20: 0.1167 ] Test set [ndcg@5: 0.0360 ndcg@10: 0.0471 ndcg@20: 0.0615 ] Test set [hr@5: 0.1001 hr@10: 0.1588 hr@20: 0.2437 ] 
2026-01-05 14:02:11,392 - Validation score increased. Copying the best model ...
2026-01-05 14:04:45,768 - [Epoch   9 / 200] bpr_loss: 0.1462 cl_loss: 5.9582 reg_loss: 0.0019 
2026-01-05 14:04:48,470 - Epoch   9 Test set [recall@5: 0.0444 recall@10: 0.0740 recall@20: 0.1185 ] Test set [ndcg@5: 0.0366 ndcg@10: 0.0483 ndcg@20: 0.0626 ] Test set [hr@5: 0.1023 hr@10: 0.1629 hr@20: 0.2491 ] 
2026-01-05 14:04:48,471 - Validation score increased. Copying the best model ...
2026-01-05 14:07:21,766 - [Epoch  10 / 200] bpr_loss: 0.1429 cl_loss: 5.9234 reg_loss: 0.0021 
2026-01-05 14:07:24,114 - Epoch  10 Test set [recall@5: 0.0446 recall@10: 0.0752 recall@20: 0.1221 ] Test set [ndcg@5: 0.0367 ndcg@10: 0.0488 ndcg@20: 0.0639 ] Test set [hr@5: 0.1026 hr@10: 0.1661 hr@20: 0.2559 ] 
2026-01-05 14:07:24,115 - Validation score increased. Copying the best model ...
2026-01-05 14:09:57,662 - [Epoch  11 / 200] bpr_loss: 0.1378 cl_loss: 5.8863 reg_loss: 0.0022 
2026-01-05 14:10:00,542 - Epoch  11 Test set [recall@5: 0.0444 recall@10: 0.0750 recall@20: 0.1200 ] Test set [ndcg@5: 0.0371 ndcg@10: 0.0493 ndcg@20: 0.0639 ] Test set [hr@5: 0.1016 hr@10: 0.1658 hr@20: 0.2521 ] 
2026-01-05 14:10:00,542 - Early stop counter: 1 out of 10
2026-01-05 14:12:35,209 - [Epoch  12 / 200] bpr_loss: 0.1343 cl_loss: 5.8577 reg_loss: 0.0024 
2026-01-05 14:12:38,077 - Epoch  12 Test set [recall@5: 0.0451 recall@10: 0.0769 recall@20: 0.1236 ] Test set [ndcg@5: 0.0367 ndcg@10: 0.0494 ndcg@20: 0.0645 ] Test set [hr@5: 0.1029 hr@10: 0.1708 hr@20: 0.2598 ] 
2026-01-05 14:12:38,079 - Validation score increased. Copying the best model ...
2026-01-05 14:15:12,631 - [Epoch  13 / 200] bpr_loss: 0.1298 cl_loss: 5.8289 reg_loss: 0.0026 
2026-01-05 14:15:15,718 - Epoch  13 Test set [recall@5: 0.0476 recall@10: 0.0798 recall@20: 0.1270 ] Test set [ndcg@5: 0.0390 ndcg@10: 0.0517 ndcg@20: 0.0669 ] Test set [hr@5: 0.1090 hr@10: 0.1752 hr@20: 0.2639 ] 
2026-01-05 14:15:15,720 - Validation score increased. Copying the best model ...
2026-01-05 14:17:50,161 - [Epoch  14 / 200] bpr_loss: 0.1267 cl_loss: 5.8053 reg_loss: 0.0027 
2026-01-05 14:17:52,877 - Epoch  14 Test set [recall@5: 0.0491 recall@10: 0.0819 recall@20: 0.1313 ] Test set [ndcg@5: 0.0400 ndcg@10: 0.0530 ndcg@20: 0.0689 ] Test set [hr@5: 0.1117 hr@10: 0.1791 hr@20: 0.2721 ] 
2026-01-05 14:17:52,879 - Validation score increased. Copying the best model ...
2026-01-05 14:20:27,308 - [Epoch  15 / 200] bpr_loss: 0.1218 cl_loss: 5.7780 reg_loss: 0.0029 
2026-01-05 14:20:30,181 - Epoch  15 Test set [recall@5: 0.0488 recall@10: 0.0811 recall@20: 0.1303 ] Test set [ndcg@5: 0.0399 ndcg@10: 0.0528 ndcg@20: 0.0687 ] Test set [hr@5: 0.1120 hr@10: 0.1778 hr@20: 0.2705 ] 
2026-01-05 14:20:30,181 - Early stop counter: 1 out of 10
2026-01-05 14:23:04,461 - [Epoch  16 / 200] bpr_loss: 0.1187 cl_loss: 5.7499 reg_loss: 0.0031 
2026-01-05 14:23:07,163 - Epoch  16 Test set [recall@5: 0.0507 recall@10: 0.0833 recall@20: 0.1344 ] Test set [ndcg@5: 0.0418 ndcg@10: 0.0547 ndcg@20: 0.0711 ] Test set [hr@5: 0.1152 hr@10: 0.1818 hr@20: 0.2764 ] 
2026-01-05 14:23:07,165 - Validation score increased. Copying the best model ...
2026-01-05 14:25:41,277 - [Epoch  17 / 200] bpr_loss: 0.1154 cl_loss: 5.7269 reg_loss: 0.0033 
2026-01-05 14:25:43,274 - Epoch  17 Test set [recall@5: 0.0497 recall@10: 0.0844 recall@20: 0.1355 ] Test set [ndcg@5: 0.0409 ndcg@10: 0.0546 ndcg@20: 0.0710 ] Test set [hr@5: 0.1135 hr@10: 0.1833 hr@20: 0.2786 ] 
2026-01-05 14:25:43,274 - Early stop counter: 1 out of 10
2026-01-05 14:28:16,581 - [Epoch  18 / 200] bpr_loss: 0.1118 cl_loss: 5.7043 reg_loss: 0.0035 
2026-01-05 14:28:19,235 - Epoch  18 Test set [recall@5: 0.0518 recall@10: 0.0859 recall@20: 0.1362 ] Test set [ndcg@5: 0.0434 ndcg@10: 0.0569 ndcg@20: 0.0732 ] Test set [hr@5: 0.1170 hr@10: 0.1852 hr@20: 0.2803 ] 
2026-01-05 14:28:19,237 - Validation score increased. Copying the best model ...
2026-01-05 14:30:52,461 - [Epoch  19 / 200] bpr_loss: 0.1091 cl_loss: 5.6812 reg_loss: 0.0037 
2026-01-05 14:30:55,188 - Epoch  19 Test set [recall@5: 0.0509 recall@10: 0.0855 recall@20: 0.1364 ] Test set [ndcg@5: 0.0419 ndcg@10: 0.0556 ndcg@20: 0.0720 ] Test set [hr@5: 0.1143 hr@10: 0.1846 hr@20: 0.2803 ] 
2026-01-05 14:30:55,188 - Early stop counter: 1 out of 10
2026-01-05 14:33:29,106 - [Epoch  20 / 200] bpr_loss: 0.1048 cl_loss: 5.6586 reg_loss: 0.0039 
2026-01-05 14:33:31,746 - Epoch  20 Test set [recall@5: 0.0528 recall@10: 0.0883 recall@20: 0.1399 ] Test set [ndcg@5: 0.0443 ndcg@10: 0.0583 ndcg@20: 0.0749 ] Test set [hr@5: 0.1183 hr@10: 0.1906 hr@20: 0.2864 ] 
2026-01-05 14:33:31,749 - Validation score increased. Copying the best model ...
2026-01-05 14:36:05,517 - [Epoch  21 / 200] bpr_loss: 0.1031 cl_loss: 5.6393 reg_loss: 0.0042 
2026-01-05 14:36:08,247 - Epoch  21 Test set [recall@5: 0.0542 recall@10: 0.0891 recall@20: 0.1427 ] Test set [ndcg@5: 0.0453 ndcg@10: 0.0591 ndcg@20: 0.0763 ] Test set [hr@5: 0.1209 hr@10: 0.1916 hr@20: 0.2902 ] 
2026-01-05 14:36:08,249 - Validation score increased. Copying the best model ...
2026-01-05 14:38:42,268 - [Epoch  22 / 200] bpr_loss: 0.1001 cl_loss: 5.6149 reg_loss: 0.0044 
2026-01-05 14:38:45,177 - Epoch  22 Test set [recall@5: 0.0553 recall@10: 0.0923 recall@20: 0.1459 ] Test set [ndcg@5: 0.0459 ndcg@10: 0.0605 ndcg@20: 0.0778 ] Test set [hr@5: 0.1235 hr@10: 0.1971 hr@20: 0.2945 ] 
2026-01-05 14:38:45,179 - Validation score increased. Copying the best model ...
2026-01-05 14:41:19,454 - [Epoch  23 / 200] bpr_loss: 0.0964 cl_loss: 5.5955 reg_loss: 0.0046 
2026-01-05 14:41:22,530 - Epoch  23 Test set [recall@5: 0.0557 recall@10: 0.0927 recall@20: 0.1472 ] Test set [ndcg@5: 0.0460 ndcg@10: 0.0606 ndcg@20: 0.0782 ] Test set [hr@5: 0.1248 hr@10: 0.1990 hr@20: 0.2978 ] 
2026-01-05 14:41:22,532 - Validation score increased. Copying the best model ...
2026-01-05 14:43:56,840 - [Epoch  24 / 200] bpr_loss: 0.0952 cl_loss: 5.5708 reg_loss: 0.0048 
2026-01-05 14:43:59,691 - Epoch  24 Test set [recall@5: 0.0564 recall@10: 0.0932 recall@20: 0.1490 ] Test set [ndcg@5: 0.0471 ndcg@10: 0.0617 ndcg@20: 0.0797 ] Test set [hr@5: 0.1268 hr@10: 0.1998 hr@20: 0.3012 ] 
2026-01-05 14:43:59,693 - Validation score increased. Copying the best model ...
2026-01-05 14:46:33,535 - [Epoch  25 / 200] bpr_loss: 0.0917 cl_loss: 5.5500 reg_loss: 0.0051 
2026-01-05 14:46:36,224 - Epoch  25 Test set [recall@5: 0.0556 recall@10: 0.0929 recall@20: 0.1473 ] Test set [ndcg@5: 0.0466 ndcg@10: 0.0614 ndcg@20: 0.0789 ] Test set [hr@5: 0.1236 hr@10: 0.2002 hr@20: 0.2981 ] 
2026-01-05 14:46:36,225 - Early stop counter: 1 out of 10
2026-01-05 14:49:09,864 - [Epoch  26 / 200] bpr_loss: 0.0892 cl_loss: 5.5337 reg_loss: 0.0053 
2026-01-05 14:49:11,843 - Epoch  26 Test set [recall@5: 0.0567 recall@10: 0.0937 recall@20: 0.1485 ] Test set [ndcg@5: 0.0469 ndcg@10: 0.0616 ndcg@20: 0.0792 ] Test set [hr@5: 0.1249 hr@10: 0.2004 hr@20: 0.3001 ] 
2026-01-05 14:49:11,844 - Validation score increased. Copying the best model ...
2026-01-05 14:51:45,269 - [Epoch  27 / 200] bpr_loss: 0.0867 cl_loss: 5.5109 reg_loss: 0.0056 
2026-01-05 14:51:48,033 - Epoch  27 Test set [recall@5: 0.0586 recall@10: 0.0956 recall@20: 0.1507 ] Test set [ndcg@5: 0.0483 ndcg@10: 0.0630 ndcg@20: 0.0809 ] Test set [hr@5: 0.1281 hr@10: 0.2033 hr@20: 0.3038 ] 
2026-01-05 14:51:48,035 - Validation score increased. Copying the best model ...
2026-01-05 14:54:22,495 - [Epoch  28 / 200] bpr_loss: 0.0839 cl_loss: 5.4923 reg_loss: 0.0058 
2026-01-05 14:54:25,556 - Epoch  28 Test set [recall@5: 0.0575 recall@10: 0.0957 recall@20: 0.1499 ] Test set [ndcg@5: 0.0473 ndcg@10: 0.0625 ndcg@20: 0.0800 ] Test set [hr@5: 0.1267 hr@10: 0.2049 hr@20: 0.3026 ] 
2026-01-05 14:54:25,557 - Early stop counter: 1 out of 10
2026-01-05 14:56:59,971 - [Epoch  29 / 200] bpr_loss: 0.0830 cl_loss: 5.4714 reg_loss: 0.0060 
2026-01-05 14:57:02,855 - Epoch  29 Test set [recall@5: 0.0587 recall@10: 0.0969 recall@20: 0.1539 ] Test set [ndcg@5: 0.0483 ndcg@10: 0.0635 ndcg@20: 0.0818 ] Test set [hr@5: 0.1288 hr@10: 0.2063 hr@20: 0.3077 ] 
2026-01-05 14:57:02,857 - Validation score increased. Copying the best model ...
2026-01-05 14:59:37,276 - [Epoch  30 / 200] bpr_loss: 0.0802 cl_loss: 5.4543 reg_loss: 0.0063 
2026-01-05 14:59:40,078 - Epoch  30 Test set [recall@5: 0.0597 recall@10: 0.0964 recall@20: 0.1542 ] Test set [ndcg@5: 0.0494 ndcg@10: 0.0641 ndcg@20: 0.0826 ] Test set [hr@5: 0.1305 hr@10: 0.2046 hr@20: 0.3091 ] 
2026-01-05 14:59:40,080 - Validation score increased. Copying the best model ...
2026-01-05 15:02:14,172 - [Epoch  31 / 200] bpr_loss: 0.0781 cl_loss: 5.4392 reg_loss: 0.0065 
2026-01-05 15:02:16,892 - Epoch  31 Test set [recall@5: 0.0591 recall@10: 0.0966 recall@20: 0.1532 ] Test set [ndcg@5: 0.0489 ndcg@10: 0.0638 ndcg@20: 0.0821 ] Test set [hr@5: 0.1307 hr@10: 0.2050 hr@20: 0.3075 ] 
2026-01-05 15:02:16,892 - Early stop counter: 1 out of 10
2026-01-05 15:04:51,163 - [Epoch  32 / 200] bpr_loss: 0.0751 cl_loss: 5.4209 reg_loss: 0.0068 
2026-01-05 15:04:53,911 - Epoch  32 Test set [recall@5: 0.0602 recall@10: 0.0982 recall@20: 0.1551 ] Test set [ndcg@5: 0.0496 ndcg@10: 0.0647 ndcg@20: 0.0832 ] Test set [hr@5: 0.1308 hr@10: 0.2079 hr@20: 0.3098 ] 
2026-01-05 15:04:53,913 - Validation score increased. Copying the best model ...
2026-01-05 15:07:27,753 - [Epoch  33 / 200] bpr_loss: 0.0734 cl_loss: 5.4036 reg_loss: 0.0070 
2026-01-05 15:07:30,630 - Epoch  33 Test set [recall@5: 0.0614 recall@10: 0.1008 recall@20: 0.1602 ] Test set [ndcg@5: 0.0506 ndcg@10: 0.0663 ndcg@20: 0.0854 ] Test set [hr@5: 0.1347 hr@10: 0.2129 hr@20: 0.3172 ] 
2026-01-05 15:07:30,632 - Validation score increased. Copying the best model ...
2026-01-05 15:10:03,963 - [Epoch  34 / 200] bpr_loss: 0.0728 cl_loss: 5.3844 reg_loss: 0.0073 
2026-01-05 15:10:05,934 - Epoch  34 Test set [recall@5: 0.0622 recall@10: 0.0995 recall@20: 0.1602 ] Test set [ndcg@5: 0.0512 ndcg@10: 0.0662 ndcg@20: 0.0856 ] Test set [hr@5: 0.1361 hr@10: 0.2121 hr@20: 0.3172 ] 
2026-01-05 15:10:05,935 - Validation score increased. Copying the best model ...
2026-01-05 15:12:39,414 - [Epoch  35 / 200] bpr_loss: 0.0695 cl_loss: 5.3694 reg_loss: 0.0075 
2026-01-05 15:12:42,365 - Epoch  35 Test set [recall@5: 0.0611 recall@10: 0.1004 recall@20: 0.1598 ] Test set [ndcg@5: 0.0503 ndcg@10: 0.0659 ndcg@20: 0.0851 ] Test set [hr@5: 0.1349 hr@10: 0.2120 hr@20: 0.3173 ] 
2026-01-05 15:12:42,365 - Early stop counter: 1 out of 10
2026-01-05 15:15:16,601 - [Epoch  36 / 200] bpr_loss: 0.0683 cl_loss: 5.3556 reg_loss: 0.0078 
2026-01-05 15:15:19,469 - Epoch  36 Test set [recall@5: 0.0620 recall@10: 0.1015 recall@20: 0.1606 ] Test set [ndcg@5: 0.0504 ndcg@10: 0.0661 ndcg@20: 0.0852 ] Test set [hr@5: 0.1347 hr@10: 0.2135 hr@20: 0.3186 ] 
2026-01-05 15:15:19,469 - Early stop counter: 2 out of 10
2026-01-05 15:17:53,765 - [Epoch  37 / 200] bpr_loss: 0.0657 cl_loss: 5.3409 reg_loss: 0.0080 
2026-01-05 15:17:56,673 - Epoch  37 Test set [recall@5: 0.0634 recall@10: 0.1028 recall@20: 0.1617 ] Test set [ndcg@5: 0.0518 ndcg@10: 0.0675 ndcg@20: 0.0865 ] Test set [hr@5: 0.1380 hr@10: 0.2157 hr@20: 0.3206 ] 
2026-01-05 15:17:56,675 - Validation score increased. Copying the best model ...
2026-01-05 15:20:30,837 - [Epoch  38 / 200] bpr_loss: 0.0647 cl_loss: 5.3242 reg_loss: 0.0083 
2026-01-05 15:20:33,662 - Epoch  38 Test set [recall@5: 0.0626 recall@10: 0.1019 recall@20: 0.1608 ] Test set [ndcg@5: 0.0510 ndcg@10: 0.0666 ndcg@20: 0.0856 ] Test set [hr@5: 0.1368 hr@10: 0.2150 hr@20: 0.3185 ] 
2026-01-05 15:20:33,663 - Early stop counter: 1 out of 10
2026-01-05 15:23:08,158 - [Epoch  39 / 200] bpr_loss: 0.0633 cl_loss: 5.3130 reg_loss: 0.0085 
2026-01-05 15:23:11,003 - Epoch  39 Test set [recall@5: 0.0629 recall@10: 0.1035 recall@20: 0.1637 ] Test set [ndcg@5: 0.0514 ndcg@10: 0.0675 ndcg@20: 0.0868 ] Test set [hr@5: 0.1385 hr@10: 0.2180 hr@20: 0.3229 ] 
2026-01-05 15:23:11,004 - Early stop counter: 2 out of 10
2026-01-05 15:25:45,406 - [Epoch  40 / 200] bpr_loss: 0.0616 cl_loss: 5.2982 reg_loss: 0.0087 
2026-01-05 15:25:48,144 - Epoch  40 Test set [recall@5: 0.0625 recall@10: 0.1032 recall@20: 0.1616 ] Test set [ndcg@5: 0.0508 ndcg@10: 0.0669 ndcg@20: 0.0857 ] Test set [hr@5: 0.1363 hr@10: 0.2161 hr@20: 0.3202 ] 
2026-01-05 15:25:48,144 - Early stop counter: 3 out of 10
2026-01-05 15:28:22,519 - [Epoch  41 / 200] bpr_loss: 0.0597 cl_loss: 5.2861 reg_loss: 0.0090 
2026-01-05 15:28:25,359 - Epoch  41 Test set [recall@5: 0.0644 recall@10: 0.1059 recall@20: 0.1648 ] Test set [ndcg@5: 0.0530 ndcg@10: 0.0694 ndcg@20: 0.0884 ] Test set [hr@5: 0.1407 hr@10: 0.2214 hr@20: 0.3264 ] 
2026-01-05 15:28:25,361 - Validation score increased. Copying the best model ...
2026-01-05 15:30:59,441 - [Epoch  42 / 200] bpr_loss: 0.0580 cl_loss: 5.2756 reg_loss: 0.0092 
2026-01-05 15:31:02,139 - Epoch  42 Test set [recall@5: 0.0616 recall@10: 0.1034 recall@20: 0.1618 ] Test set [ndcg@5: 0.0511 ndcg@10: 0.0676 ndcg@20: 0.0865 ] Test set [hr@5: 0.1358 hr@10: 0.2168 hr@20: 0.3206 ] 
2026-01-05 15:31:02,140 - Early stop counter: 1 out of 10
2026-01-05 15:33:35,727 - [Epoch  43 / 200] bpr_loss: 0.0578 cl_loss: 5.2622 reg_loss: 0.0095 
2026-01-05 15:33:38,838 - Epoch  43 Test set [recall@5: 0.0651 recall@10: 0.1053 recall@20: 0.1637 ] Test set [ndcg@5: 0.0530 ndcg@10: 0.0690 ndcg@20: 0.0878 ] Test set [hr@5: 0.1406 hr@10: 0.2208 hr@20: 0.3244 ] 
2026-01-05 15:33:38,840 - Validation score increased. Copying the best model ...
2026-01-05 15:36:13,056 - [Epoch  44 / 200] bpr_loss: 0.0562 cl_loss: 5.2523 reg_loss: 0.0097 
2026-01-05 15:36:15,786 - Epoch  44 Test set [recall@5: 0.0641 recall@10: 0.1050 recall@20: 0.1630 ] Test set [ndcg@5: 0.0527 ndcg@10: 0.0690 ndcg@20: 0.0877 ] Test set [hr@5: 0.1380 hr@10: 0.2197 hr@20: 0.3226 ] 
2026-01-05 15:36:15,787 - Early stop counter: 1 out of 10
2026-01-05 15:38:50,269 - [Epoch  45 / 200] bpr_loss: 0.0549 cl_loss: 5.2388 reg_loss: 0.0099 
2026-01-05 15:38:53,121 - Epoch  45 Test set [recall@5: 0.0639 recall@10: 0.1043 recall@20: 0.1631 ] Test set [ndcg@5: 0.0519 ndcg@10: 0.0680 ndcg@20: 0.0870 ] Test set [hr@5: 0.1375 hr@10: 0.2178 hr@20: 0.3235 ] 
2026-01-05 15:38:53,121 - Early stop counter: 2 out of 10
2026-01-05 15:41:28,162 - [Epoch  46 / 200] bpr_loss: 0.0532 cl_loss: 5.2293 reg_loss: 0.0102 
2026-01-05 15:41:31,008 - Epoch  46 Test set [recall@5: 0.0649 recall@10: 0.1068 recall@20: 0.1656 ] Test set [ndcg@5: 0.0531 ndcg@10: 0.0697 ndcg@20: 0.0888 ] Test set [hr@5: 0.1400 hr@10: 0.2206 hr@20: 0.3273 ] 
2026-01-05 15:41:31,009 - Early stop counter: 3 out of 10
2026-01-05 15:44:05,571 - [Epoch  47 / 200] bpr_loss: 0.0531 cl_loss: 5.2168 reg_loss: 0.0104 
2026-01-05 15:44:08,439 - Epoch  47 Test set [recall@5: 0.0654 recall@10: 0.1065 recall@20: 0.1665 ] Test set [ndcg@5: 0.0537 ndcg@10: 0.0702 ndcg@20: 0.0896 ] Test set [hr@5: 0.1405 hr@10: 0.2215 hr@20: 0.3287 ] 
2026-01-05 15:44:08,441 - Validation score increased. Copying the best model ...
2026-01-05 15:46:42,511 - [Epoch  48 / 200] bpr_loss: 0.0515 cl_loss: 5.2059 reg_loss: 0.0106 
2026-01-05 15:46:44,675 - Epoch  48 Test set [recall@5: 0.0660 recall@10: 0.1076 recall@20: 0.1672 ] Test set [ndcg@5: 0.0540 ndcg@10: 0.0705 ndcg@20: 0.0899 ] Test set [hr@5: 0.1425 hr@10: 0.2230 hr@20: 0.3300 ] 
2026-01-05 15:46:44,677 - Validation score increased. Copying the best model ...
2026-01-05 15:49:18,185 - [Epoch  49 / 200] bpr_loss: 0.0501 cl_loss: 5.1981 reg_loss: 0.0108 
2026-01-05 15:49:20,906 - Epoch  49 Test set [recall@5: 0.0665 recall@10: 0.1084 recall@20: 0.1676 ] Test set [ndcg@5: 0.0545 ndcg@10: 0.0713 ndcg@20: 0.0904 ] Test set [hr@5: 0.1435 hr@10: 0.2252 hr@20: 0.3300 ] 
2026-01-05 15:49:20,908 - Validation score increased. Copying the best model ...
2026-01-05 15:51:54,260 - [Epoch  50 / 200] bpr_loss: 0.0492 cl_loss: 5.1877 reg_loss: 0.0110 
2026-01-05 15:51:56,325 - Epoch  50 Test set [recall@5: 0.0655 recall@10: 0.1087 recall@20: 0.1678 ] Test set [ndcg@5: 0.0536 ndcg@10: 0.0709 ndcg@20: 0.0901 ] Test set [hr@5: 0.1409 hr@10: 0.2251 hr@20: 0.3309 ] 
2026-01-05 15:51:56,325 - Early stop counter: 1 out of 10
2026-01-05 15:54:29,421 - [Epoch  51 / 200] bpr_loss: 0.0475 cl_loss: 5.1796 reg_loss: 0.0112 
2026-01-05 15:54:32,159 - Epoch  51 Test set [recall@5: 0.0670 recall@10: 0.1104 recall@20: 0.1674 ] Test set [ndcg@5: 0.0545 ndcg@10: 0.0718 ndcg@20: 0.0905 ] Test set [hr@5: 0.1425 hr@10: 0.2273 hr@20: 0.3294 ] 
2026-01-05 15:54:32,161 - Validation score increased. Copying the best model ...
2026-01-05 15:57:06,457 - [Epoch  52 / 200] bpr_loss: 0.0468 cl_loss: 5.1707 reg_loss: 0.0115 
2026-01-05 15:57:09,312 - Epoch  52 Test set [recall@5: 0.0654 recall@10: 0.1075 recall@20: 0.1675 ] Test set [ndcg@5: 0.0540 ndcg@10: 0.0708 ndcg@20: 0.0903 ] Test set [hr@5: 0.1407 hr@10: 0.2229 hr@20: 0.3306 ] 
2026-01-05 15:57:09,313 - Early stop counter: 1 out of 10
2026-01-05 15:59:43,507 - [Epoch  53 / 200] bpr_loss: 0.0459 cl_loss: 5.1623 reg_loss: 0.0117 
2026-01-05 15:59:46,430 - Epoch  53 Test set [recall@5: 0.0658 recall@10: 0.1081 recall@20: 0.1678 ] Test set [ndcg@5: 0.0542 ndcg@10: 0.0710 ndcg@20: 0.0904 ] Test set [hr@5: 0.1425 hr@10: 0.2260 hr@20: 0.3303 ] 
2026-01-05 15:59:46,430 - Early stop counter: 2 out of 10
2026-01-05 16:02:20,439 - [Epoch  54 / 200] bpr_loss: 0.0451 cl_loss: 5.1529 reg_loss: 0.0119 
2026-01-05 16:02:23,221 - Epoch  54 Test set [recall@5: 0.0672 recall@10: 0.1097 recall@20: 0.1684 ] Test set [ndcg@5: 0.0551 ndcg@10: 0.0721 ndcg@20: 0.0911 ] Test set [hr@5: 0.1431 hr@10: 0.2274 hr@20: 0.3308 ] 
2026-01-05 16:02:23,223 - Validation score increased. Copying the best model ...
2026-01-05 16:04:57,463 - [Epoch  55 / 200] bpr_loss: 0.0438 cl_loss: 5.1461 reg_loss: 0.0121 
2026-01-05 16:05:00,164 - Epoch  55 Test set [recall@5: 0.0663 recall@10: 0.1093 recall@20: 0.1685 ] Test set [ndcg@5: 0.0546 ndcg@10: 0.0717 ndcg@20: 0.0908 ] Test set [hr@5: 0.1437 hr@10: 0.2267 hr@20: 0.3317 ] 
2026-01-05 16:05:00,165 - Early stop counter: 1 out of 10
2026-01-05 16:07:34,212 - [Epoch  56 / 200] bpr_loss: 0.0433 cl_loss: 5.1377 reg_loss: 0.0123 
2026-01-05 16:07:36,918 - Epoch  56 Test set [recall@5: 0.0672 recall@10: 0.1101 recall@20: 0.1709 ] Test set [ndcg@5: 0.0552 ndcg@10: 0.0722 ndcg@20: 0.0919 ] Test set [hr@5: 0.1451 hr@10: 0.2279 hr@20: 0.3350 ] 
2026-01-05 16:07:36,919 - Early stop counter: 2 out of 10
2026-01-05 16:10:11,164 - [Epoch  57 / 200] bpr_loss: 0.0422 cl_loss: 5.1309 reg_loss: 0.0125 
2026-01-05 16:10:13,929 - Epoch  57 Test set [recall@5: 0.0663 recall@10: 0.1096 recall@20: 0.1706 ] Test set [ndcg@5: 0.0549 ndcg@10: 0.0721 ndcg@20: 0.0918 ] Test set [hr@5: 0.1435 hr@10: 0.2275 hr@20: 0.3345 ] 
2026-01-05 16:10:13,929 - Early stop counter: 3 out of 10
2026-01-05 16:12:47,425 - [Epoch  58 / 200] bpr_loss: 0.0417 cl_loss: 5.1225 reg_loss: 0.0126 
2026-01-05 16:12:50,272 - Epoch  58 Test set [recall@5: 0.0669 recall@10: 0.1096 recall@20: 0.1699 ] Test set [ndcg@5: 0.0552 ndcg@10: 0.0723 ndcg@20: 0.0917 ] Test set [hr@5: 0.1448 hr@10: 0.2281 hr@20: 0.3345 ] 
2026-01-05 16:12:50,272 - Early stop counter: 4 out of 10
2026-01-05 16:15:23,733 - [Epoch  59 / 200] bpr_loss: 0.0406 cl_loss: 5.1157 reg_loss: 0.0128 
2026-01-05 16:15:26,401 - Epoch  59 Test set [recall@5: 0.0673 recall@10: 0.1107 recall@20: 0.1712 ] Test set [ndcg@5: 0.0552 ndcg@10: 0.0725 ndcg@20: 0.0920 ] Test set [hr@5: 0.1460 hr@10: 0.2287 hr@20: 0.3351 ] 
2026-01-05 16:15:26,403 - Validation score increased. Copying the best model ...
2026-01-05 16:18:00,457 - [Epoch  60 / 200] bpr_loss: 0.0397 cl_loss: 5.1084 reg_loss: 0.0130 
2026-01-05 16:18:03,096 - Epoch  60 Test set [recall@5: 0.0665 recall@10: 0.1108 recall@20: 0.1704 ] Test set [ndcg@5: 0.0543 ndcg@10: 0.0719 ndcg@20: 0.0911 ] Test set [hr@5: 0.1441 hr@10: 0.2285 hr@20: 0.3335 ] 
2026-01-05 16:18:03,096 - Early stop counter: 1 out of 10
2026-01-05 16:20:36,963 - [Epoch  61 / 200] bpr_loss: 0.0397 cl_loss: 5.1031 reg_loss: 0.0132 
2026-01-05 16:20:39,631 - Epoch  61 Test set [recall@5: 0.0669 recall@10: 0.1105 recall@20: 0.1709 ] Test set [ndcg@5: 0.0548 ndcg@10: 0.0721 ndcg@20: 0.0916 ] Test set [hr@5: 0.1454 hr@10: 0.2294 hr@20: 0.3347 ] 
2026-01-05 16:20:39,631 - Early stop counter: 2 out of 10
2026-01-05 16:23:13,582 - [Epoch  62 / 200] bpr_loss: 0.0385 cl_loss: 5.0954 reg_loss: 0.0134 
2026-01-05 16:23:16,220 - Epoch  62 Test set [recall@5: 0.0678 recall@10: 0.1113 recall@20: 0.1725 ] Test set [ndcg@5: 0.0556 ndcg@10: 0.0728 ndcg@20: 0.0925 ] Test set [hr@5: 0.1483 hr@10: 0.2312 hr@20: 0.3364 ] 
2026-01-05 16:23:16,222 - Validation score increased. Copying the best model ...
2026-01-05 16:25:50,011 - [Epoch  63 / 200] bpr_loss: 0.0381 cl_loss: 5.0886 reg_loss: 0.0135 
2026-01-05 16:25:52,621 - Epoch  63 Test set [recall@5: 0.0675 recall@10: 0.1104 recall@20: 0.1724 ] Test set [ndcg@5: 0.0557 ndcg@10: 0.0727 ndcg@20: 0.0927 ] Test set [hr@5: 0.1469 hr@10: 0.2297 hr@20: 0.3372 ] 
2026-01-05 16:25:52,622 - Early stop counter: 1 out of 10
2026-01-05 16:28:26,466 - [Epoch  64 / 200] bpr_loss: 0.0373 cl_loss: 5.0827 reg_loss: 0.0137 
2026-01-05 16:28:29,250 - Epoch  64 Test set [recall@5: 0.0659 recall@10: 0.1092 recall@20: 0.1705 ] Test set [ndcg@5: 0.0542 ndcg@10: 0.0714 ndcg@20: 0.0911 ] Test set [hr@5: 0.1445 hr@10: 0.2276 hr@20: 0.3336 ] 
2026-01-05 16:28:29,250 - Early stop counter: 2 out of 10
2026-01-05 16:31:03,158 - [Epoch  65 / 200] bpr_loss: 0.0363 cl_loss: 5.0773 reg_loss: 0.0139 
2026-01-05 16:31:05,116 - Epoch  65 Test set [recall@5: 0.0681 recall@10: 0.1101 recall@20: 0.1724 ] Test set [ndcg@5: 0.0558 ndcg@10: 0.0725 ndcg@20: 0.0926 ] Test set [hr@5: 0.1476 hr@10: 0.2289 hr@20: 0.3380 ] 
2026-01-05 16:31:05,117 - Validation score increased. Copying the best model ...
2026-01-05 16:33:38,581 - [Epoch  66 / 200] bpr_loss: 0.0362 cl_loss: 5.0725 reg_loss: 0.0140 
2026-01-05 16:33:41,240 - Epoch  66 Test set [recall@5: 0.0679 recall@10: 0.1100 recall@20: 0.1714 ] Test set [ndcg@5: 0.0555 ndcg@10: 0.0722 ndcg@20: 0.0920 ] Test set [hr@5: 0.1469 hr@10: 0.2279 hr@20: 0.3365 ] 
2026-01-05 16:33:41,240 - Early stop counter: 1 out of 10
2026-01-05 16:36:14,572 - [Epoch  67 / 200] bpr_loss: 0.0351 cl_loss: 5.0665 reg_loss: 0.0142 
2026-01-05 16:36:17,248 - Epoch  67 Test set [recall@5: 0.0668 recall@10: 0.1096 recall@20: 0.1709 ] Test set [ndcg@5: 0.0548 ndcg@10: 0.0718 ndcg@20: 0.0916 ] Test set [hr@5: 0.1447 hr@10: 0.2276 hr@20: 0.3363 ] 
2026-01-05 16:36:17,248 - Early stop counter: 2 out of 10
2026-01-05 16:38:51,003 - [Epoch  68 / 200] bpr_loss: 0.0343 cl_loss: 5.0603 reg_loss: 0.0144 
2026-01-05 16:38:53,775 - Epoch  68 Test set [recall@5: 0.0665 recall@10: 0.1096 recall@20: 0.1707 ] Test set [ndcg@5: 0.0547 ndcg@10: 0.0720 ndcg@20: 0.0917 ] Test set [hr@5: 0.1431 hr@10: 0.2270 hr@20: 0.3344 ] 
2026-01-05 16:38:53,775 - Early stop counter: 3 out of 10
2026-01-05 16:41:27,909 - [Epoch  69 / 200] bpr_loss: 0.0343 cl_loss: 5.0558 reg_loss: 0.0145 
2026-01-05 16:41:30,607 - Epoch  69 Test set [recall@5: 0.0694 recall@10: 0.1127 recall@20: 0.1734 ] Test set [ndcg@5: 0.0568 ndcg@10: 0.0741 ndcg@20: 0.0937 ] Test set [hr@5: 0.1482 hr@10: 0.2326 hr@20: 0.3393 ] 
2026-01-05 16:41:30,609 - Validation score increased. Copying the best model ...
2026-01-05 16:44:04,967 - [Epoch  70 / 200] bpr_loss: 0.0335 cl_loss: 5.0501 reg_loss: 0.0147 
2026-01-05 16:44:07,823 - Epoch  70 Test set [recall@5: 0.0695 recall@10: 0.1120 recall@20: 0.1734 ] Test set [ndcg@5: 0.0569 ndcg@10: 0.0738 ndcg@20: 0.0936 ] Test set [hr@5: 0.1489 hr@10: 0.2313 hr@20: 0.3390 ] 
2026-01-05 16:44:07,825 - Validation score increased. Copying the best model ...
2026-01-05 16:46:42,059 - [Epoch  71 / 200] bpr_loss: 0.0334 cl_loss: 5.0455 reg_loss: 0.0148 
2026-01-05 16:46:44,865 - Epoch  71 Test set [recall@5: 0.0691 recall@10: 0.1125 recall@20: 0.1730 ] Test set [ndcg@5: 0.0569 ndcg@10: 0.0741 ndcg@20: 0.0936 ] Test set [hr@5: 0.1487 hr@10: 0.2322 hr@20: 0.3390 ] 
2026-01-05 16:46:44,865 - Early stop counter: 1 out of 10
2026-01-05 16:49:18,860 - [Epoch  72 / 200] bpr_loss: 0.0329 cl_loss: 5.0408 reg_loss: 0.0150 
2026-01-05 16:49:21,528 - Epoch  72 Test set [recall@5: 0.0701 recall@10: 0.1127 recall@20: 0.1737 ] Test set [ndcg@5: 0.0574 ndcg@10: 0.0743 ndcg@20: 0.0940 ] Test set [hr@5: 0.1498 hr@10: 0.2327 hr@20: 0.3385 ] 
2026-01-05 16:49:21,530 - Validation score increased. Copying the best model ...
2026-01-05 16:51:55,513 - [Epoch  73 / 200] bpr_loss: 0.0324 cl_loss: 5.0370 reg_loss: 0.0151 
2026-01-05 16:51:58,255 - Epoch  73 Test set [recall@5: 0.0704 recall@10: 0.1123 recall@20: 0.1749 ] Test set [ndcg@5: 0.0575 ndcg@10: 0.0743 ndcg@20: 0.0944 ] Test set [hr@5: 0.1509 hr@10: 0.2321 hr@20: 0.3405 ] 
2026-01-05 16:51:58,257 - Validation score increased. Copying the best model ...
2026-01-05 16:54:31,876 - [Epoch  74 / 200] bpr_loss: 0.0317 cl_loss: 5.0323 reg_loss: 0.0152 
2026-01-05 16:54:34,501 - Epoch  74 Test set [recall@5: 0.0682 recall@10: 0.1123 recall@20: 0.1730 ] Test set [ndcg@5: 0.0560 ndcg@10: 0.0736 ndcg@20: 0.0932 ] Test set [hr@5: 0.1466 hr@10: 0.2312 hr@20: 0.3380 ] 
2026-01-05 16:54:34,501 - Early stop counter: 1 out of 10
2026-01-05 16:57:08,124 - [Epoch  75 / 200] bpr_loss: 0.0311 cl_loss: 5.0271 reg_loss: 0.0154 
2026-01-05 16:57:10,819 - Epoch  75 Test set [recall@5: 0.0685 recall@10: 0.1120 recall@20: 0.1726 ] Test set [ndcg@5: 0.0560 ndcg@10: 0.0733 ndcg@20: 0.0928 ] Test set [hr@5: 0.1456 hr@10: 0.2302 hr@20: 0.3366 ] 
2026-01-05 16:57:10,819 - Early stop counter: 2 out of 10
2026-01-05 16:59:43,943 - [Epoch  76 / 200] bpr_loss: 0.0307 cl_loss: 5.0231 reg_loss: 0.0155 
2026-01-05 16:59:46,654 - Epoch  76 Test set [recall@5: 0.0686 recall@10: 0.1122 recall@20: 0.1729 ] Test set [ndcg@5: 0.0559 ndcg@10: 0.0733 ndcg@20: 0.0929 ] Test set [hr@5: 0.1468 hr@10: 0.2304 hr@20: 0.3371 ] 
2026-01-05 16:59:46,654 - Early stop counter: 3 out of 10
2026-01-05 17:02:19,721 - [Epoch  77 / 200] bpr_loss: 0.0307 cl_loss: 5.0166 reg_loss: 0.0156 
2026-01-05 17:02:22,259 - Epoch  77 Test set [recall@5: 0.0695 recall@10: 0.1124 recall@20: 0.1734 ] Test set [ndcg@5: 0.0570 ndcg@10: 0.0741 ndcg@20: 0.0938 ] Test set [hr@5: 0.1486 hr@10: 0.2316 hr@20: 0.3387 ] 
2026-01-05 17:02:22,259 - Early stop counter: 4 out of 10
2026-01-05 17:04:55,351 - [Epoch  78 / 200] bpr_loss: 0.0298 cl_loss: 5.0150 reg_loss: 0.0158 
2026-01-05 17:04:57,450 - Epoch  78 Test set [recall@5: 0.0705 recall@10: 0.1131 recall@20: 0.1748 ] Test set [ndcg@5: 0.0577 ndcg@10: 0.0746 ndcg@20: 0.0946 ] Test set [hr@5: 0.1505 hr@10: 0.2327 hr@20: 0.3410 ] 
2026-01-05 17:04:57,451 - Validation score increased. Copying the best model ...
2026-01-05 17:07:30,554 - [Epoch  79 / 200] bpr_loss: 0.0295 cl_loss: 5.0116 reg_loss: 0.0159 
2026-01-05 17:07:32,536 - Epoch  79 Test set [recall@5: 0.0702 recall@10: 0.1139 recall@20: 0.1755 ] Test set [ndcg@5: 0.0577 ndcg@10: 0.0752 ndcg@20: 0.0950 ] Test set [hr@5: 0.1493 hr@10: 0.2351 hr@20: 0.3426 ] 
2026-01-05 17:07:32,536 - Early stop counter: 1 out of 10
2026-01-05 17:10:05,653 - [Epoch  80 / 200] bpr_loss: 0.0293 cl_loss: 5.0077 reg_loss: 0.0160 
2026-01-05 17:10:08,066 - Epoch  80 Test set [recall@5: 0.0694 recall@10: 0.1121 recall@20: 0.1740 ] Test set [ndcg@5: 0.0570 ndcg@10: 0.0741 ndcg@20: 0.0940 ] Test set [hr@5: 0.1486 hr@10: 0.2332 hr@20: 0.3402 ] 
2026-01-05 17:10:08,066 - Early stop counter: 2 out of 10
2026-01-05 17:12:41,817 - [Epoch  81 / 200] bpr_loss: 0.0283 cl_loss: 5.0023 reg_loss: 0.0161 
2026-01-05 17:12:44,570 - Epoch  81 Test set [recall@5: 0.0693 recall@10: 0.1125 recall@20: 0.1749 ] Test set [ndcg@5: 0.0572 ndcg@10: 0.0745 ndcg@20: 0.0947 ] Test set [hr@5: 0.1491 hr@10: 0.2333 hr@20: 0.3430 ] 
2026-01-05 17:12:44,570 - Early stop counter: 3 out of 10
2026-01-05 17:15:18,557 - [Epoch  82 / 200] bpr_loss: 0.0283 cl_loss: 4.9995 reg_loss: 0.0162 
2026-01-05 17:15:21,202 - Epoch  82 Test set [recall@5: 0.0683 recall@10: 0.1128 recall@20: 0.1753 ] Test set [ndcg@5: 0.0566 ndcg@10: 0.0743 ndcg@20: 0.0945 ] Test set [hr@5: 0.1479 hr@10: 0.2342 hr@20: 0.3423 ] 
2026-01-05 17:15:21,202 - Early stop counter: 4 out of 10
2026-01-05 17:17:55,018 - [Epoch  83 / 200] bpr_loss: 0.0278 cl_loss: 4.9955 reg_loss: 0.0164 
2026-01-05 17:17:57,701 - Epoch  83 Test set [recall@5: 0.0697 recall@10: 0.1132 recall@20: 0.1734 ] Test set [ndcg@5: 0.0570 ndcg@10: 0.0744 ndcg@20: 0.0939 ] Test set [hr@5: 0.1486 hr@10: 0.2329 hr@20: 0.3401 ] 
2026-01-05 17:17:57,702 - Early stop counter: 5 out of 10
2026-01-05 17:20:31,750 - [Epoch  84 / 200] bpr_loss: 0.0278 cl_loss: 4.9919 reg_loss: 0.0165 
2026-01-05 17:20:34,616 - Epoch  84 Test set [recall@5: 0.0706 recall@10: 0.1150 recall@20: 0.1777 ] Test set [ndcg@5: 0.0579 ndcg@10: 0.0756 ndcg@20: 0.0958 ] Test set [hr@5: 0.1511 hr@10: 0.2369 hr@20: 0.3466 ] 
2026-01-05 17:20:34,618 - Validation score increased. Copying the best model ...
2026-01-05 17:23:08,370 - [Epoch  85 / 200] bpr_loss: 0.0270 cl_loss: 4.9881 reg_loss: 0.0166 
2026-01-05 17:23:11,163 - Epoch  85 Test set [recall@5: 0.0696 recall@10: 0.1132 recall@20: 0.1747 ] Test set [ndcg@5: 0.0569 ndcg@10: 0.0743 ndcg@20: 0.0942 ] Test set [hr@5: 0.1485 hr@10: 0.2327 hr@20: 0.3424 ] 
2026-01-05 17:23:11,164 - Early stop counter: 1 out of 10
2026-01-05 17:25:44,964 - [Epoch  86 / 200] bpr_loss: 0.0272 cl_loss: 4.9852 reg_loss: 0.0167 
2026-01-05 17:25:47,683 - Epoch  86 Test set [recall@5: 0.0696 recall@10: 0.1136 recall@20: 0.1752 ] Test set [ndcg@5: 0.0572 ndcg@10: 0.0748 ndcg@20: 0.0946 ] Test set [hr@5: 0.1487 hr@10: 0.2341 hr@20: 0.3420 ] 
2026-01-05 17:25:47,684 - Early stop counter: 2 out of 10
2026-01-05 17:28:22,105 - [Epoch  87 / 200] bpr_loss: 0.0271 cl_loss: 4.9828 reg_loss: 0.0168 
2026-01-05 17:28:24,811 - Epoch  87 Test set [recall@5: 0.0689 recall@10: 0.1121 recall@20: 0.1742 ] Test set [ndcg@5: 0.0565 ndcg@10: 0.0738 ndcg@20: 0.0938 ] Test set [hr@5: 0.1463 hr@10: 0.2306 hr@20: 0.3394 ] 
2026-01-05 17:28:24,812 - Early stop counter: 3 out of 10
2026-01-05 17:30:59,087 - [Epoch  88 / 200] bpr_loss: 0.0261 cl_loss: 4.9786 reg_loss: 0.0169 
2026-01-05 17:31:01,974 - Epoch  88 Test set [recall@5: 0.0708 recall@10: 0.1135 recall@20: 0.1761 ] Test set [ndcg@5: 0.0586 ndcg@10: 0.0757 ndcg@20: 0.0959 ] Test set [hr@5: 0.1504 hr@10: 0.2337 hr@20: 0.3431 ] 
2026-01-05 17:31:01,976 - Validation score increased. Copying the best model ...
2026-01-05 17:33:36,063 - [Epoch  89 / 200] bpr_loss: 0.0261 cl_loss: 4.9761 reg_loss: 0.0170 
2026-01-05 17:33:38,748 - Epoch  89 Test set [recall@5: 0.0703 recall@10: 0.1144 recall@20: 0.1762 ] Test set [ndcg@5: 0.0579 ndcg@10: 0.0755 ndcg@20: 0.0954 ] Test set [hr@5: 0.1501 hr@10: 0.2345 hr@20: 0.3438 ] 
2026-01-05 17:33:38,749 - Early stop counter: 1 out of 10
2026-01-05 17:36:12,729 - [Epoch  90 / 200] bpr_loss: 0.0256 cl_loss: 4.9744 reg_loss: 0.0171 
2026-01-05 17:36:15,384 - Epoch  90 Test set [recall@5: 0.0708 recall@10: 0.1145 recall@20: 0.1764 ] Test set [ndcg@5: 0.0580 ndcg@10: 0.0755 ndcg@20: 0.0955 ] Test set [hr@5: 0.1509 hr@10: 0.2353 hr@20: 0.3445 ] 
2026-01-05 17:36:15,384 - Early stop counter: 2 out of 10
2026-01-05 17:38:49,505 - [Epoch  91 / 200] bpr_loss: 0.0255 cl_loss: 4.9711 reg_loss: 0.0171 
2026-01-05 17:38:52,216 - Epoch  91 Test set [recall@5: 0.0699 recall@10: 0.1132 recall@20: 0.1766 ] Test set [ndcg@5: 0.0572 ndcg@10: 0.0747 ndcg@20: 0.0950 ] Test set [hr@5: 0.1492 hr@10: 0.2332 hr@20: 0.3443 ] 
2026-01-05 17:38:52,216 - Early stop counter: 3 out of 10
2026-01-05 17:41:26,263 - [Epoch  92 / 200] bpr_loss: 0.0250 cl_loss: 4.9674 reg_loss: 0.0172 
2026-01-05 17:41:28,956 - Epoch  92 Test set [recall@5: 0.0709 recall@10: 0.1150 recall@20: 0.1757 ] Test set [ndcg@5: 0.0584 ndcg@10: 0.0760 ndcg@20: 0.0956 ] Test set [hr@5: 0.1510 hr@10: 0.2365 hr@20: 0.3418 ] 
2026-01-05 17:41:28,958 - Validation score increased. Copying the best model ...
2026-01-05 17:44:03,147 - [Epoch  93 / 200] bpr_loss: 0.0248 cl_loss: 4.9651 reg_loss: 0.0173 
2026-01-05 17:44:05,898 - Epoch  93 Test set [recall@5: 0.0698 recall@10: 0.1122 recall@20: 0.1739 ] Test set [ndcg@5: 0.0574 ndcg@10: 0.0744 ndcg@20: 0.0942 ] Test set [hr@5: 0.1497 hr@10: 0.2318 hr@20: 0.3388 ] 
2026-01-05 17:44:05,898 - Early stop counter: 1 out of 10
2026-01-05 17:46:40,129 - [Epoch  94 / 200] bpr_loss: 0.0241 cl_loss: 4.9632 reg_loss: 0.0174 
2026-01-05 17:46:42,829 - Epoch  94 Test set [recall@5: 0.0711 recall@10: 0.1136 recall@20: 0.1756 ] Test set [ndcg@5: 0.0583 ndcg@10: 0.0754 ndcg@20: 0.0954 ] Test set [hr@5: 0.1518 hr@10: 0.2339 hr@20: 0.3411 ] 
2026-01-05 17:46:42,831 - Validation score increased. Copying the best model ...
2026-01-05 17:49:16,812 - [Epoch  95 / 200] bpr_loss: 0.0240 cl_loss: 4.9595 reg_loss: 0.0175 
2026-01-05 17:49:19,537 - Epoch  95 Test set [recall@5: 0.0719 recall@10: 0.1156 recall@20: 0.1757 ] Test set [ndcg@5: 0.0591 ndcg@10: 0.0765 ndcg@20: 0.0960 ] Test set [hr@5: 0.1536 hr@10: 0.2367 hr@20: 0.3414 ] 
2026-01-05 17:49:19,539 - Validation score increased. Copying the best model ...
2026-01-05 17:51:53,808 - [Epoch  96 / 200] bpr_loss: 0.0235 cl_loss: 4.9566 reg_loss: 0.0176 
2026-01-05 17:51:56,731 - Epoch  96 Test set [recall@5: 0.0724 recall@10: 0.1159 recall@20: 0.1779 ] Test set [ndcg@5: 0.0593 ndcg@10: 0.0768 ndcg@20: 0.0968 ] Test set [hr@5: 0.1536 hr@10: 0.2375 hr@20: 0.3454 ] 
2026-01-05 17:51:56,733 - Validation score increased. Copying the best model ...
2026-01-05 17:54:30,665 - [Epoch  97 / 200] bpr_loss: 0.0236 cl_loss: 4.9546 reg_loss: 0.0176 
2026-01-05 17:54:33,333 - Epoch  97 Test set [recall@5: 0.0712 recall@10: 0.1147 recall@20: 0.1771 ] Test set [ndcg@5: 0.0580 ndcg@10: 0.0756 ndcg@20: 0.0956 ] Test set [hr@5: 0.1511 hr@10: 0.2349 hr@20: 0.3429 ] 
2026-01-05 17:54:33,333 - Early stop counter: 1 out of 10
2026-01-05 17:57:07,409 - [Epoch  98 / 200] bpr_loss: 0.0234 cl_loss: 4.9542 reg_loss: 0.0177 
2026-01-05 17:57:10,231 - Epoch  98 Test set [recall@5: 0.0711 recall@10: 0.1141 recall@20: 0.1778 ] Test set [ndcg@5: 0.0585 ndcg@10: 0.0759 ndcg@20: 0.0963 ] Test set [hr@5: 0.1503 hr@10: 0.2350 hr@20: 0.3446 ] 
2026-01-05 17:57:10,231 - Early stop counter: 2 out of 10
2026-01-05 17:59:44,003 - [Epoch  99 / 200] bpr_loss: 0.0230 cl_loss: 4.9516 reg_loss: 0.0178 
2026-01-05 17:59:46,718 - Epoch  99 Test set [recall@5: 0.0721 recall@10: 0.1157 recall@20: 0.1778 ] Test set [ndcg@5: 0.0592 ndcg@10: 0.0766 ndcg@20: 0.0967 ] Test set [hr@5: 0.1541 hr@10: 0.2372 hr@20: 0.3451 ] 
2026-01-05 17:59:46,719 - Early stop counter: 3 out of 10
2026-01-05 18:02:20,656 - [Epoch 100 / 200] bpr_loss: 0.0229 cl_loss: 4.9487 reg_loss: 0.0179 
2026-01-05 18:02:23,413 - Epoch 100 Test set [recall@5: 0.0707 recall@10: 0.1140 recall@20: 0.1774 ] Test set [ndcg@5: 0.0586 ndcg@10: 0.0757 ndcg@20: 0.0961 ] Test set [hr@5: 0.1506 hr@10: 0.2336 hr@20: 0.3428 ] 
2026-01-05 18:02:23,414 - Early stop counter: 4 out of 10
2026-01-05 18:04:57,385 - [Epoch 101 / 200] bpr_loss: 0.0230 cl_loss: 4.9466 reg_loss: 0.0179 
2026-01-05 18:05:00,082 - Epoch 101 Test set [recall@5: 0.0718 recall@10: 0.1159 recall@20: 0.1783 ] Test set [ndcg@5: 0.0598 ndcg@10: 0.0774 ndcg@20: 0.0975 ] Test set [hr@5: 0.1533 hr@10: 0.2371 hr@20: 0.3451 ] 
2026-01-05 18:05:00,082 - Early stop counter: 5 out of 10
2026-01-05 18:07:34,114 - [Epoch 102 / 200] bpr_loss: 0.0225 cl_loss: 4.9447 reg_loss: 0.0180 
2026-01-05 18:07:36,789 - Epoch 102 Test set [recall@5: 0.0716 recall@10: 0.1153 recall@20: 0.1781 ] Test set [ndcg@5: 0.0591 ndcg@10: 0.0765 ndcg@20: 0.0968 ] Test set [hr@5: 0.1525 hr@10: 0.2365 hr@20: 0.3452 ] 
2026-01-05 18:07:36,789 - Early stop counter: 6 out of 10
2026-01-05 18:10:10,716 - [Epoch 103 / 200] bpr_loss: 0.0226 cl_loss: 4.9425 reg_loss: 0.0181 
2026-01-05 18:10:13,364 - Epoch 103 Test set [recall@5: 0.0718 recall@10: 0.1159 recall@20: 0.1786 ] Test set [ndcg@5: 0.0594 ndcg@10: 0.0770 ndcg@20: 0.0973 ] Test set [hr@5: 0.1532 hr@10: 0.2374 hr@20: 0.3456 ] 
2026-01-05 18:10:13,364 - Early stop counter: 7 out of 10
2026-01-05 18:12:47,618 - [Epoch 104 / 200] bpr_loss: 0.0220 cl_loss: 4.9395 reg_loss: 0.0181 
2026-01-05 18:12:50,312 - Epoch 104 Test set [recall@5: 0.0720 recall@10: 0.1161 recall@20: 0.1769 ] Test set [ndcg@5: 0.0590 ndcg@10: 0.0766 ndcg@20: 0.0962 ] Test set [hr@5: 0.1525 hr@10: 0.2367 hr@20: 0.3437 ] 
2026-01-05 18:12:50,312 - Early stop counter: 8 out of 10
2026-01-05 18:15:24,566 - [Epoch 105 / 200] bpr_loss: 0.0218 cl_loss: 4.9377 reg_loss: 0.0182 
2026-01-05 18:15:27,271 - Epoch 105 Test set [recall@5: 0.0726 recall@10: 0.1156 recall@20: 0.1782 ] Test set [ndcg@5: 0.0596 ndcg@10: 0.0768 ndcg@20: 0.0969 ] Test set [hr@5: 0.1543 hr@10: 0.2366 hr@20: 0.3452 ] 
2026-01-05 18:15:27,273 - Validation score increased. Copying the best model ...
2026-01-05 18:18:01,550 - [Epoch 106 / 200] bpr_loss: 0.0216 cl_loss: 4.9354 reg_loss: 0.0183 
2026-01-05 18:18:04,299 - Epoch 106 Test set [recall@5: 0.0721 recall@10: 0.1156 recall@20: 0.1788 ] Test set [ndcg@5: 0.0593 ndcg@10: 0.0766 ndcg@20: 0.0970 ] Test set [hr@5: 0.1524 hr@10: 0.2374 hr@20: 0.3467 ] 
2026-01-05 18:18:04,299 - Early stop counter: 1 out of 10
2026-01-05 18:20:38,517 - [Epoch 107 / 200] bpr_loss: 0.0217 cl_loss: 4.9345 reg_loss: 0.0183 
2026-01-05 18:20:41,191 - Epoch 107 Test set [recall@5: 0.0719 recall@10: 0.1150 recall@20: 0.1775 ] Test set [ndcg@5: 0.0593 ndcg@10: 0.0765 ndcg@20: 0.0967 ] Test set [hr@5: 0.1517 hr@10: 0.2359 hr@20: 0.3444 ] 
2026-01-05 18:20:41,191 - Early stop counter: 2 out of 10
2026-01-05 18:23:15,351 - [Epoch 108 / 200] bpr_loss: 0.0211 cl_loss: 4.9320 reg_loss: 0.0184 
2026-01-05 18:23:18,162 - Epoch 108 Test set [recall@5: 0.0719 recall@10: 0.1145 recall@20: 0.1763 ] Test set [ndcg@5: 0.0590 ndcg@10: 0.0761 ndcg@20: 0.0960 ] Test set [hr@5: 0.1511 hr@10: 0.2337 hr@20: 0.3415 ] 
2026-01-05 18:23:18,162 - Early stop counter: 3 out of 10
2026-01-05 18:25:52,162 - [Epoch 109 / 200] bpr_loss: 0.0213 cl_loss: 4.9307 reg_loss: 0.0184 
2026-01-05 18:25:54,928 - Epoch 109 Test set [recall@5: 0.0723 recall@10: 0.1164 recall@20: 0.1790 ] Test set [ndcg@5: 0.0595 ndcg@10: 0.0772 ndcg@20: 0.0973 ] Test set [hr@5: 0.1529 hr@10: 0.2380 hr@20: 0.3465 ] 
2026-01-05 18:25:54,928 - Early stop counter: 4 out of 10
2026-01-05 18:28:28,732 - [Epoch 110 / 200] bpr_loss: 0.0211 cl_loss: 4.9282 reg_loss: 0.0185 
2026-01-05 18:28:30,663 - Epoch 110 Test set [recall@5: 0.0722 recall@10: 0.1160 recall@20: 0.1791 ] Test set [ndcg@5: 0.0598 ndcg@10: 0.0772 ndcg@20: 0.0975 ] Test set [hr@5: 0.1535 hr@10: 0.2364 hr@20: 0.3469 ] 
2026-01-05 18:28:30,663 - Early stop counter: 5 out of 10
2026-01-05 18:31:04,217 - [Epoch 111 / 200] bpr_loss: 0.0205 cl_loss: 4.9274 reg_loss: 0.0185 
2026-01-05 18:31:06,829 - Epoch 111 Test set [recall@5: 0.0729 recall@10: 0.1167 recall@20: 0.1789 ] Test set [ndcg@5: 0.0599 ndcg@10: 0.0775 ndcg@20: 0.0975 ] Test set [hr@5: 0.1539 hr@10: 0.2386 hr@20: 0.3460 ] 
2026-01-05 18:31:06,831 - Validation score increased. Copying the best model ...
2026-01-05 18:33:40,665 - [Epoch 112 / 200] bpr_loss: 0.0210 cl_loss: 4.9242 reg_loss: 0.0186 
2026-01-05 18:33:43,294 - Epoch 112 Test set [recall@5: 0.0723 recall@10: 0.1173 recall@20: 0.1782 ] Test set [ndcg@5: 0.0596 ndcg@10: 0.0775 ndcg@20: 0.0971 ] Test set [hr@5: 0.1544 hr@10: 0.2400 hr@20: 0.3442 ] 
2026-01-05 18:33:43,294 - Early stop counter: 1 out of 10
2026-01-05 18:36:17,159 - [Epoch 113 / 200] bpr_loss: 0.0206 cl_loss: 4.9232 reg_loss: 0.0186 
2026-01-05 18:36:19,946 - Epoch 113 Test set [recall@5: 0.0720 recall@10: 0.1152 recall@20: 0.1778 ] Test set [ndcg@5: 0.0591 ndcg@10: 0.0764 ndcg@20: 0.0967 ] Test set [hr@5: 0.1526 hr@10: 0.2361 hr@20: 0.3443 ] 
2026-01-05 18:36:19,946 - Early stop counter: 2 out of 10
2026-01-05 18:38:53,767 - [Epoch 114 / 200] bpr_loss: 0.0203 cl_loss: 4.9224 reg_loss: 0.0187 
2026-01-05 18:38:56,391 - Epoch 114 Test set [recall@5: 0.0721 recall@10: 0.1157 recall@20: 0.1790 ] Test set [ndcg@5: 0.0594 ndcg@10: 0.0769 ndcg@20: 0.0973 ] Test set [hr@5: 0.1544 hr@10: 0.2377 hr@20: 0.3466 ] 
2026-01-05 18:38:56,392 - Early stop counter: 3 out of 10
2026-01-05 18:41:30,157 - [Epoch 115 / 200] bpr_loss: 0.0202 cl_loss: 4.9201 reg_loss: 0.0187 
2026-01-05 18:41:32,110 - Epoch 115 Test set [recall@5: 0.0725 recall@10: 0.1167 recall@20: 0.1788 ] Test set [ndcg@5: 0.0596 ndcg@10: 0.0774 ndcg@20: 0.0974 ] Test set [hr@5: 0.1527 hr@10: 0.2385 hr@20: 0.3467 ] 
2026-01-05 18:41:32,110 - Early stop counter: 4 out of 10
2026-01-05 18:44:05,764 - [Epoch 116 / 200] bpr_loss: 0.0203 cl_loss: 4.9183 reg_loss: 0.0188 
2026-01-05 18:44:08,543 - Epoch 116 Test set [recall@5: 0.0723 recall@10: 0.1151 recall@20: 0.1787 ] Test set [ndcg@5: 0.0593 ndcg@10: 0.0764 ndcg@20: 0.0970 ] Test set [hr@5: 0.1532 hr@10: 0.2366 hr@20: 0.3463 ] 
2026-01-05 18:44:08,544 - Early stop counter: 5 out of 10
2026-01-05 18:46:42,263 - [Epoch 117 / 200] bpr_loss: 0.0202 cl_loss: 4.9175 reg_loss: 0.0188 
2026-01-05 18:46:44,913 - Epoch 117 Test set [recall@5: 0.0729 recall@10: 0.1166 recall@20: 0.1791 ] Test set [ndcg@5: 0.0600 ndcg@10: 0.0775 ndcg@20: 0.0978 ] Test set [hr@5: 0.1534 hr@10: 0.2384 hr@20: 0.3470 ] 
2026-01-05 18:46:44,915 - Validation score increased. Copying the best model ...
2026-01-05 18:49:18,800 - [Epoch 118 / 200] bpr_loss: 0.0195 cl_loss: 4.9158 reg_loss: 0.0189 
2026-01-05 18:49:21,466 - Epoch 118 Test set [recall@5: 0.0739 recall@10: 0.1174 recall@20: 0.1804 ] Test set [ndcg@5: 0.0607 ndcg@10: 0.0782 ndcg@20: 0.0986 ] Test set [hr@5: 0.1552 hr@10: 0.2407 hr@20: 0.3479 ] 
2026-01-05 18:49:21,468 - Validation score increased. Copying the best model ...
2026-01-05 18:51:55,564 - [Epoch 119 / 200] bpr_loss: 0.0194 cl_loss: 4.9145 reg_loss: 0.0189 
2026-01-05 18:51:58,376 - Epoch 119 Test set [recall@5: 0.0726 recall@10: 0.1171 recall@20: 0.1801 ] Test set [ndcg@5: 0.0600 ndcg@10: 0.0779 ndcg@20: 0.0983 ] Test set [hr@5: 0.1536 hr@10: 0.2393 hr@20: 0.3476 ] 
2026-01-05 18:51:58,376 - Early stop counter: 1 out of 10
2026-01-05 18:54:32,409 - [Epoch 120 / 200] bpr_loss: 0.0198 cl_loss: 4.9137 reg_loss: 0.0190 
2026-01-05 18:54:35,043 - Epoch 120 Test set [recall@5: 0.0739 recall@10: 0.1183 recall@20: 0.1820 ] Test set [ndcg@5: 0.0609 ndcg@10: 0.0786 ndcg@20: 0.0992 ] Test set [hr@5: 0.1569 hr@10: 0.2414 hr@20: 0.3506 ] 
2026-01-05 18:54:35,043 - Early stop counter: 2 out of 10
2026-01-05 18:57:09,059 - [Epoch 121 / 200] bpr_loss: 0.0194 cl_loss: 4.9124 reg_loss: 0.0190 
2026-01-05 18:57:11,705 - Epoch 121 Test set [recall@5: 0.0739 recall@10: 0.1178 recall@20: 0.1809 ] Test set [ndcg@5: 0.0608 ndcg@10: 0.0784 ndcg@20: 0.0988 ] Test set [hr@5: 0.1550 hr@10: 0.2403 hr@20: 0.3478 ] 
2026-01-05 18:57:11,705 - Early stop counter: 3 out of 10
2026-01-05 18:59:45,585 - [Epoch 122 / 200] bpr_loss: 0.0190 cl_loss: 4.9116 reg_loss: 0.0190 
2026-01-05 18:59:47,550 - Epoch 122 Test set [recall@5: 0.0727 recall@10: 0.1170 recall@20: 0.1813 ] Test set [ndcg@5: 0.0599 ndcg@10: 0.0777 ndcg@20: 0.0984 ] Test set [hr@5: 0.1540 hr@10: 0.2400 hr@20: 0.3494 ] 
2026-01-05 18:59:47,551 - Early stop counter: 4 out of 10
2026-01-05 19:02:21,113 - [Epoch 123 / 200] bpr_loss: 0.0193 cl_loss: 4.9109 reg_loss: 0.0191 
2026-01-05 19:02:23,935 - Epoch 123 Test set [recall@5: 0.0741 recall@10: 0.1173 recall@20: 0.1825 ] Test set [ndcg@5: 0.0608 ndcg@10: 0.0781 ndcg@20: 0.0991 ] Test set [hr@5: 0.1571 hr@10: 0.2410 hr@20: 0.3518 ] 
2026-01-05 19:02:23,937 - Validation score increased. Copying the best model ...
2026-01-05 19:04:57,864 - [Epoch 124 / 200] bpr_loss: 0.0193 cl_loss: 4.9085 reg_loss: 0.0191 
2026-01-05 19:05:00,478 - Epoch 124 Test set [recall@5: 0.0729 recall@10: 0.1174 recall@20: 0.1828 ] Test set [ndcg@5: 0.0600 ndcg@10: 0.0777 ndcg@20: 0.0987 ] Test set [hr@5: 0.1547 hr@10: 0.2412 hr@20: 0.3516 ] 
2026-01-05 19:05:00,478 - Early stop counter: 1 out of 10
2026-01-05 19:07:34,452 - [Epoch 125 / 200] bpr_loss: 0.0188 cl_loss: 4.9085 reg_loss: 0.0192 
2026-01-05 19:07:37,081 - Epoch 125 Test set [recall@5: 0.0729 recall@10: 0.1174 recall@20: 0.1824 ] Test set [ndcg@5: 0.0599 ndcg@10: 0.0777 ndcg@20: 0.0985 ] Test set [hr@5: 0.1550 hr@10: 0.2405 hr@20: 0.3514 ] 
2026-01-05 19:07:37,081 - Early stop counter: 2 out of 10
2026-01-05 19:10:10,917 - [Epoch 126 / 200] bpr_loss: 0.0192 cl_loss: 4.9063 reg_loss: 0.0192 
2026-01-05 19:10:13,560 - Epoch 126 Test set [recall@5: 0.0718 recall@10: 0.1169 recall@20: 0.1819 ] Test set [ndcg@5: 0.0594 ndcg@10: 0.0774 ndcg@20: 0.0983 ] Test set [hr@5: 0.1536 hr@10: 0.2413 hr@20: 0.3513 ] 
2026-01-05 19:10:13,560 - Early stop counter: 3 out of 10
2026-01-05 19:12:47,359 - [Epoch 127 / 200] bpr_loss: 0.0187 cl_loss: 4.9054 reg_loss: 0.0192 
2026-01-05 19:12:49,282 - Epoch 127 Test set [recall@5: 0.0729 recall@10: 0.1156 recall@20: 0.1802 ] Test set [ndcg@5: 0.0599 ndcg@10: 0.0770 ndcg@20: 0.0978 ] Test set [hr@5: 0.1560 hr@10: 0.2383 hr@20: 0.3491 ] 
2026-01-05 19:12:49,282 - Early stop counter: 4 out of 10
2026-01-05 19:15:22,811 - [Epoch 128 / 200] bpr_loss: 0.0185 cl_loss: 4.9042 reg_loss: 0.0193 
2026-01-05 19:15:25,474 - Epoch 128 Test set [recall@5: 0.0743 recall@10: 0.1190 recall@20: 0.1843 ] Test set [ndcg@5: 0.0611 ndcg@10: 0.0789 ndcg@20: 0.0999 ] Test set [hr@5: 0.1590 hr@10: 0.2439 hr@20: 0.3547 ] 
2026-01-05 19:15:25,476 - Validation score increased. Copying the best model ...
2026-01-05 19:17:59,609 - [Epoch 129 / 200] bpr_loss: 0.0186 cl_loss: 4.9029 reg_loss: 0.0193 
2026-01-05 19:18:02,453 - Epoch 129 Test set [recall@5: 0.0736 recall@10: 0.1178 recall@20: 0.1821 ] Test set [ndcg@5: 0.0604 ndcg@10: 0.0780 ndcg@20: 0.0986 ] Test set [hr@5: 0.1577 hr@10: 0.2434 hr@20: 0.3508 ] 
2026-01-05 19:18:02,453 - Early stop counter: 1 out of 10
2026-01-05 19:20:36,546 - [Epoch 130 / 200] bpr_loss: 0.0182 cl_loss: 4.9013 reg_loss: 0.0193 
2026-01-05 19:20:39,492 - Epoch 130 Test set [recall@5: 0.0734 recall@10: 0.1179 recall@20: 0.1815 ] Test set [ndcg@5: 0.0600 ndcg@10: 0.0778 ndcg@20: 0.0984 ] Test set [hr@5: 0.1570 hr@10: 0.2408 hr@20: 0.3507 ] 
2026-01-05 19:20:39,492 - Early stop counter: 2 out of 10
2026-01-05 19:23:13,608 - [Epoch 131 / 200] bpr_loss: 0.0181 cl_loss: 4.9011 reg_loss: 0.0194 
2026-01-05 19:23:16,411 - Epoch 131 Test set [recall@5: 0.0728 recall@10: 0.1176 recall@20: 0.1816 ] Test set [ndcg@5: 0.0596 ndcg@10: 0.0775 ndcg@20: 0.0982 ] Test set [hr@5: 0.1540 hr@10: 0.2406 hr@20: 0.3495 ] 
2026-01-05 19:23:16,412 - Early stop counter: 3 out of 10
2026-01-05 19:25:50,658 - [Epoch 132 / 200] bpr_loss: 0.0180 cl_loss: 4.9003 reg_loss: 0.0194 
2026-01-05 19:25:53,435 - Epoch 132 Test set [recall@5: 0.0732 recall@10: 0.1169 recall@20: 0.1818 ] Test set [ndcg@5: 0.0601 ndcg@10: 0.0776 ndcg@20: 0.0986 ] Test set [hr@5: 0.1546 hr@10: 0.2387 hr@20: 0.3499 ] 
2026-01-05 19:25:53,436 - Early stop counter: 4 out of 10
2026-01-05 19:28:27,558 - [Epoch 133 / 200] bpr_loss: 0.0183 cl_loss: 4.9000 reg_loss: 0.0194 
2026-01-05 19:28:30,378 - Epoch 133 Test set [recall@5: 0.0728 recall@10: 0.1177 recall@20: 0.1811 ] Test set [ndcg@5: 0.0597 ndcg@10: 0.0776 ndcg@20: 0.0981 ] Test set [hr@5: 0.1552 hr@10: 0.2401 hr@20: 0.3491 ] 
2026-01-05 19:28:30,378 - Early stop counter: 5 out of 10
2026-01-05 19:31:04,416 - [Epoch 134 / 200] bpr_loss: 0.0176 cl_loss: 4.8984 reg_loss: 0.0194 
2026-01-05 19:31:07,122 - Epoch 134 Test set [recall@5: 0.0742 recall@10: 0.1183 recall@20: 0.1838 ] Test set [ndcg@5: 0.0610 ndcg@10: 0.0786 ndcg@20: 0.0997 ] Test set [hr@5: 0.1582 hr@10: 0.2419 hr@20: 0.3527 ] 
2026-01-05 19:31:07,122 - Early stop counter: 6 out of 10
2026-01-05 19:33:41,029 - [Epoch 135 / 200] bpr_loss: 0.0180 cl_loss: 4.8969 reg_loss: 0.0195 
2026-01-05 19:33:43,643 - Epoch 135 Test set [recall@5: 0.0740 recall@10: 0.1166 recall@20: 0.1815 ] Test set [ndcg@5: 0.0608 ndcg@10: 0.0778 ndcg@20: 0.0987 ] Test set [hr@5: 0.1566 hr@10: 0.2399 hr@20: 0.3501 ] 
2026-01-05 19:33:43,644 - Early stop counter: 7 out of 10
2026-01-05 19:36:17,563 - [Epoch 136 / 200] bpr_loss: 0.0175 cl_loss: 4.8979 reg_loss: 0.0195 
2026-01-05 19:36:20,313 - Epoch 136 Test set [recall@5: 0.0729 recall@10: 0.1160 recall@20: 0.1806 ] Test set [ndcg@5: 0.0600 ndcg@10: 0.0772 ndcg@20: 0.0980 ] Test set [hr@5: 0.1549 hr@10: 0.2381 hr@20: 0.3494 ] 
2026-01-05 19:36:20,313 - Early stop counter: 8 out of 10
2026-01-05 19:38:54,260 - [Epoch 137 / 200] bpr_loss: 0.0173 cl_loss: 4.8946 reg_loss: 0.0195 
2026-01-05 19:38:56,908 - Epoch 137 Test set [recall@5: 0.0731 recall@10: 0.1172 recall@20: 0.1819 ] Test set [ndcg@5: 0.0598 ndcg@10: 0.0774 ndcg@20: 0.0982 ] Test set [hr@5: 0.1544 hr@10: 0.2416 hr@20: 0.3510 ] 
2026-01-05 19:38:56,909 - Early stop counter: 9 out of 10
2026-01-05 19:41:30,761 - [Epoch 138 / 200] bpr_loss: 0.0177 cl_loss: 4.8945 reg_loss: 0.0195 
2026-01-05 19:41:33,368 - Epoch 138 Test set [recall@5: 0.0729 recall@10: 0.1176 recall@20: 0.1819 ] Test set [ndcg@5: 0.0598 ndcg@10: 0.0776 ndcg@20: 0.0983 ] Test set [hr@5: 0.1542 hr@10: 0.2408 hr@20: 0.3498 ] 
2026-01-05 19:41:33,368 - Early stop counter: 10 out of 10
2026-01-05 19:41:33,368 - Best Epoch 128
2026-01-05 19:41:36,099 - Test set [recall@5: 0.0743 recall@10: 0.1190 recall@20: 0.1843 ] Test set [ndcg@5: 0.0611 ndcg@10: 0.0789 ndcg@20: 0.0999 ] Test set [hr@5: 0.1590 hr@10: 0.2439 hr@20: 0.3547 ] 
2026-01-05 19:41:38,029 - Test set [recall@5: 0.0743 recall@10: 0.1190 recall@20: 0.1843 ] Test set [ndcg@5: 0.0611 ndcg@10: 0.0789 ndcg@20: 0.0999 ] Test set [hr@5: 0.1590 hr@10: 0.2439 hr@20: 0.3547 ] 
