2026-01-05 22:35:27,155 - {'optimizer': {'name': 'adam', 'lr': 0.001, 'weight_decay': 0}, 'train': {'epoch': 200, 'batch_size': 1024, 'save_model': False, 'loss': 'pairwise', 'test_step': 1, 'patience': 10, 'reproducible': True, 'seed': 2025, 'log_loss': True, 'early_stop': True}, 'test': {'metrics': ['recall', 'ndcg', 'hr'], 'k': [5, 10, 20], 'batch_size': 1024, 'eval_at_one_forward': True}, 'data': {'type': 'kg', 'name': 'mooc', 'dir': './datasets/kg/mooccube_kg/', 'user_num': 34917, 'item_num': 698, 'entity_num': 239440, 'node_num': 274357, 'relation_num': 17, 'triplet_num': 1478658}, 'model': {'name': 'iacd', 'embedding_size': 64, 'layer_num': 2, 'kg_layer_num': 2, 'intent_size': 4, 'reg_weight': 0.01, 'cl_weight': 0.01, 'temperature': 0.2}, 'tune': {'enable': False}, 'device': 'cuda'}
2026-01-05 22:43:29,794 - [Epoch   0 / 200] bpr_loss: 0.2875 cl_loss: 8.8534 reg_loss: 0.0011 
2026-01-05 22:43:33,553 - Epoch   0 Test set [recall@5: 0.2304 recall@10: 0.3220 recall@20: 0.4387 ] Test set [ndcg@5: 0.1887 ndcg@10: 0.2230 ndcg@20: 0.2581 ] Test set [hr@5: 0.3600 hr@10: 0.4740 hr@20: 0.6087 ] 
2026-01-05 22:43:33,554 - Validation score increased. Copying the best model ...
2026-01-05 22:51:35,217 - [Epoch   1 / 200] bpr_loss: 0.2173 cl_loss: 7.4028 reg_loss: 0.0028 
2026-01-05 22:51:39,046 - Epoch   1 Test set [recall@5: 0.2446 recall@10: 0.3362 recall@20: 0.4609 ] Test set [ndcg@5: 0.1952 ndcg@10: 0.2299 ndcg@20: 0.2672 ] Test set [hr@5: 0.3779 hr@10: 0.4943 hr@20: 0.6313 ] 
2026-01-05 22:51:39,047 - Validation score increased. Copying the best model ...
2026-01-05 22:59:41,013 - [Epoch   2 / 200] bpr_loss: 0.1986 cl_loss: 6.3081 reg_loss: 0.0039 
2026-01-05 22:59:44,859 - Epoch   2 Test set [recall@5: 0.2544 recall@10: 0.3484 recall@20: 0.4661 ] Test set [ndcg@5: 0.2017 ndcg@10: 0.2372 ndcg@20: 0.2725 ] Test set [hr@5: 0.3917 hr@10: 0.5084 hr@20: 0.6392 ] 
2026-01-05 22:59:44,860 - Validation score increased. Copying the best model ...
2026-01-05 23:07:47,213 - [Epoch   3 / 200] bpr_loss: 0.1840 cl_loss: 6.0262 reg_loss: 0.0048 
2026-01-05 23:07:51,024 - Epoch   3 Test set [recall@5: 0.2627 recall@10: 0.3597 recall@20: 0.4824 ] Test set [ndcg@5: 0.2095 ndcg@10: 0.2460 ndcg@20: 0.2828 ] Test set [hr@5: 0.4033 hr@10: 0.5223 hr@20: 0.6543 ] 
2026-01-05 23:07:51,026 - Validation score increased. Copying the best model ...
2026-01-05 23:15:53,112 - [Epoch   4 / 200] bpr_loss: 0.1702 cl_loss: 5.9251 reg_loss: 0.0057 
2026-01-05 23:15:56,937 - Epoch   4 Test set [recall@5: 0.2692 recall@10: 0.3695 recall@20: 0.4949 ] Test set [ndcg@5: 0.2156 ndcg@10: 0.2534 ndcg@20: 0.2908 ] Test set [hr@5: 0.4127 hr@10: 0.5344 hr@20: 0.6670 ] 
2026-01-05 23:15:56,938 - Validation score increased. Copying the best model ...
2026-01-05 23:23:59,012 - [Epoch   5 / 200] bpr_loss: 0.1590 cl_loss: 5.8608 reg_loss: 0.0066 
2026-01-05 23:24:02,936 - Epoch   5 Test set [recall@5: 0.2715 recall@10: 0.3734 recall@20: 0.5011 ] Test set [ndcg@5: 0.2188 ndcg@10: 0.2573 ndcg@20: 0.2955 ] Test set [hr@5: 0.4133 hr@10: 0.5381 hr@20: 0.6739 ] 
2026-01-05 23:24:02,937 - Validation score increased. Copying the best model ...
2026-01-05 23:32:05,185 - [Epoch   6 / 200] bpr_loss: 0.1504 cl_loss: 5.8113 reg_loss: 0.0073 
2026-01-05 23:32:09,044 - Epoch   6 Test set [recall@5: 0.2717 recall@10: 0.3767 recall@20: 0.5033 ] Test set [ndcg@5: 0.2183 ndcg@10: 0.2577 ndcg@20: 0.2957 ] Test set [hr@5: 0.4152 hr@10: 0.5417 hr@20: 0.6761 ] 
2026-01-05 23:32:09,046 - Validation score increased. Copying the best model ...
2026-01-05 23:40:10,961 - [Epoch   7 / 200] bpr_loss: 0.1444 cl_loss: 5.7746 reg_loss: 0.0079 
2026-01-05 23:40:14,784 - Epoch   7 Test set [recall@5: 0.2754 recall@10: 0.3813 recall@20: 0.5107 ] Test set [ndcg@5: 0.2193 ndcg@10: 0.2592 ndcg@20: 0.2979 ] Test set [hr@5: 0.4190 hr@10: 0.5472 hr@20: 0.6838 ] 
2026-01-05 23:40:14,786 - Validation score increased. Copying the best model ...
2026-01-05 23:48:16,773 - [Epoch   8 / 200] bpr_loss: 0.1393 cl_loss: 5.7405 reg_loss: 0.0084 
2026-01-05 23:48:19,559 - Epoch   8 Test set [recall@5: 0.2772 recall@10: 0.3847 recall@20: 0.5171 ] Test set [ndcg@5: 0.2218 ndcg@10: 0.2622 ndcg@20: 0.3020 ] Test set [hr@5: 0.4221 hr@10: 0.5518 hr@20: 0.6901 ] 
2026-01-05 23:48:19,561 - Validation score increased. Copying the best model ...
2026-01-05 23:56:21,307 - [Epoch   9 / 200] bpr_loss: 0.1346 cl_loss: 5.7099 reg_loss: 0.0089 
2026-01-05 23:56:25,103 - Epoch   9 Test set [recall@5: 0.2812 recall@10: 0.3855 recall@20: 0.5153 ] Test set [ndcg@5: 0.2253 ndcg@10: 0.2646 ndcg@20: 0.3035 ] Test set [hr@5: 0.4272 hr@10: 0.5526 hr@20: 0.6880 ] 
2026-01-05 23:56:25,104 - Validation score increased. Copying the best model ...
2026-01-06 00:04:27,111 - [Epoch  10 / 200] bpr_loss: 0.1309 cl_loss: 5.6861 reg_loss: 0.0093 
2026-01-06 00:04:31,300 - Epoch  10 Test set [recall@5: 0.2794 recall@10: 0.3882 recall@20: 0.5189 ] Test set [ndcg@5: 0.2253 ndcg@10: 0.2663 ndcg@20: 0.3055 ] Test set [hr@5: 0.4248 hr@10: 0.5544 hr@20: 0.6926 ] 
2026-01-06 00:04:31,300 - Early stop counter: 1 out of 10
2026-01-06 00:12:33,213 - [Epoch  11 / 200] bpr_loss: 0.1282 cl_loss: 5.6637 reg_loss: 0.0098 
2026-01-06 00:12:36,923 - Epoch  11 Test set [recall@5: 0.2795 recall@10: 0.3905 recall@20: 0.5221 ] Test set [ndcg@5: 0.2243 ndcg@10: 0.2661 ndcg@20: 0.3056 ] Test set [hr@5: 0.4254 hr@10: 0.5588 hr@20: 0.6942 ] 
2026-01-06 00:12:36,923 - Early stop counter: 2 out of 10
2026-01-06 00:20:38,571 - [Epoch  12 / 200] bpr_loss: 0.1263 cl_loss: 5.6432 reg_loss: 0.0101 
2026-01-06 00:20:42,320 - Epoch  12 Test set [recall@5: 0.2808 recall@10: 0.3907 recall@20: 0.5218 ] Test set [ndcg@5: 0.2244 ndcg@10: 0.2657 ndcg@20: 0.3051 ] Test set [hr@5: 0.4271 hr@10: 0.5585 hr@20: 0.6953 ] 
2026-01-06 00:20:42,320 - Early stop counter: 3 out of 10
2026-01-06 00:28:44,056 - [Epoch  13 / 200] bpr_loss: 0.1226 cl_loss: 5.6209 reg_loss: 0.0105 
2026-01-06 00:28:48,026 - Epoch  13 Test set [recall@5: 0.2863 recall@10: 0.3971 recall@20: 0.5265 ] Test set [ndcg@5: 0.2295 ndcg@10: 0.2712 ndcg@20: 0.3101 ] Test set [hr@5: 0.4343 hr@10: 0.5655 hr@20: 0.7004 ] 
2026-01-06 00:28:48,028 - Validation score increased. Copying the best model ...
2026-01-06 00:36:50,125 - [Epoch  14 / 200] bpr_loss: 0.1211 cl_loss: 5.6049 reg_loss: 0.0109 
2026-01-06 00:36:53,864 - Epoch  14 Test set [recall@5: 0.2862 recall@10: 0.3977 recall@20: 0.5275 ] Test set [ndcg@5: 0.2289 ndcg@10: 0.2710 ndcg@20: 0.3100 ] Test set [hr@5: 0.4346 hr@10: 0.5668 hr@20: 0.7000 ] 
2026-01-06 00:36:53,864 - Early stop counter: 1 out of 10
2026-01-06 00:44:55,635 - [Epoch  15 / 200] bpr_loss: 0.1183 cl_loss: 5.5880 reg_loss: 0.0113 
2026-01-06 00:44:59,439 - Epoch  15 Test set [recall@5: 0.2864 recall@10: 0.3975 recall@20: 0.5300 ] Test set [ndcg@5: 0.2309 ndcg@10: 0.2727 ndcg@20: 0.3124 ] Test set [hr@5: 0.4345 hr@10: 0.5666 hr@20: 0.7017 ] 
2026-01-06 00:44:59,441 - Validation score increased. Copying the best model ...
2026-01-06 00:53:01,574 - [Epoch  16 / 200] bpr_loss: 0.1162 cl_loss: 5.5731 reg_loss: 0.0116 
2026-01-06 00:53:05,314 - Epoch  16 Test set [recall@5: 0.2886 recall@10: 0.3995 recall@20: 0.5307 ] Test set [ndcg@5: 0.2315 ndcg@10: 0.2733 ndcg@20: 0.3126 ] Test set [hr@5: 0.4377 hr@10: 0.5698 hr@20: 0.7026 ] 
2026-01-06 00:53:05,315 - Validation score increased. Copying the best model ...
2026-01-06 01:01:07,209 - [Epoch  17 / 200] bpr_loss: 0.1164 cl_loss: 5.5604 reg_loss: 0.0120 
2026-01-06 01:01:10,913 - Epoch  17 Test set [recall@5: 0.2895 recall@10: 0.3997 recall@20: 0.5326 ] Test set [ndcg@5: 0.2339 ndcg@10: 0.2754 ndcg@20: 0.3152 ] Test set [hr@5: 0.4375 hr@10: 0.5695 hr@20: 0.7042 ] 
2026-01-06 01:01:10,914 - Validation score increased. Copying the best model ...
2026-01-06 01:09:12,581 - [Epoch  18 / 200] bpr_loss: 0.1138 cl_loss: 5.5449 reg_loss: 0.0123 
2026-01-06 01:09:16,210 - Epoch  18 Test set [recall@5: 0.2908 recall@10: 0.4027 recall@20: 0.5365 ] Test set [ndcg@5: 0.2342 ndcg@10: 0.2763 ndcg@20: 0.3165 ] Test set [hr@5: 0.4410 hr@10: 0.5728 hr@20: 0.7089 ] 
2026-01-06 01:09:16,211 - Validation score increased. Copying the best model ...
2026-01-06 01:17:17,984 - [Epoch  19 / 200] bpr_loss: 0.1124 cl_loss: 5.5316 reg_loss: 0.0126 
2026-01-06 01:17:21,303 - Epoch  19 Test set [recall@5: 0.2959 recall@10: 0.4059 recall@20: 0.5373 ] Test set [ndcg@5: 0.2393 ndcg@10: 0.2806 ndcg@20: 0.3202 ] Test set [hr@5: 0.4469 hr@10: 0.5771 hr@20: 0.7090 ] 
2026-01-06 01:17:21,305 - Validation score increased. Copying the best model ...
2026-01-06 01:25:23,272 - [Epoch  20 / 200] bpr_loss: 0.1107 cl_loss: 5.5204 reg_loss: 0.0130 
2026-01-06 01:25:27,061 - Epoch  20 Test set [recall@5: 0.2932 recall@10: 0.4042 recall@20: 0.5385 ] Test set [ndcg@5: 0.2357 ndcg@10: 0.2775 ndcg@20: 0.3178 ] Test set [hr@5: 0.4429 hr@10: 0.5743 hr@20: 0.7102 ] 
2026-01-06 01:25:27,061 - Early stop counter: 1 out of 10
2026-01-06 01:33:29,122 - [Epoch  21 / 200] bpr_loss: 0.1088 cl_loss: 5.5090 reg_loss: 0.0133 
2026-01-06 01:33:32,961 - Epoch  21 Test set [recall@5: 0.2945 recall@10: 0.4064 recall@20: 0.5384 ] Test set [ndcg@5: 0.2365 ndcg@10: 0.2786 ndcg@20: 0.3183 ] Test set [hr@5: 0.4465 hr@10: 0.5774 hr@20: 0.7105 ] 
2026-01-06 01:33:32,961 - Early stop counter: 2 out of 10
2026-01-06 01:41:34,765 - [Epoch  22 / 200] bpr_loss: 0.1088 cl_loss: 5.4978 reg_loss: 0.0137 
2026-01-06 01:41:38,334 - Epoch  22 Test set [recall@5: 0.2984 recall@10: 0.4093 recall@20: 0.5412 ] Test set [ndcg@5: 0.2426 ndcg@10: 0.2844 ndcg@20: 0.3240 ] Test set [hr@5: 0.4509 hr@10: 0.5815 hr@20: 0.7140 ] 
2026-01-06 01:41:38,335 - Validation score increased. Copying the best model ...
2026-01-06 01:49:40,049 - [Epoch  23 / 200] bpr_loss: 0.1048 cl_loss: 5.4869 reg_loss: 0.0140 
2026-01-06 01:49:44,237 - Epoch  23 Test set [recall@5: 0.2969 recall@10: 0.4091 recall@20: 0.5430 ] Test set [ndcg@5: 0.2395 ndcg@10: 0.2817 ndcg@20: 0.3220 ] Test set [hr@5: 0.4485 hr@10: 0.5813 hr@20: 0.7149 ] 
2026-01-06 01:49:44,237 - Early stop counter: 1 out of 10
2026-01-06 01:57:46,169 - [Epoch  24 / 200] bpr_loss: 0.1048 cl_loss: 5.4775 reg_loss: 0.0143 
2026-01-06 01:57:49,052 - Epoch  24 Test set [recall@5: 0.2995 recall@10: 0.4111 recall@20: 0.5420 ] Test set [ndcg@5: 0.2435 ndcg@10: 0.2855 ndcg@20: 0.3249 ] Test set [hr@5: 0.4525 hr@10: 0.5831 hr@20: 0.7142 ] 
2026-01-06 01:57:49,053 - Validation score increased. Copying the best model ...
2026-01-06 02:05:50,799 - [Epoch  25 / 200] bpr_loss: 0.1027 cl_loss: 5.4682 reg_loss: 0.0147 
2026-01-06 02:05:54,680 - Epoch  25 Test set [recall@5: 0.3006 recall@10: 0.4117 recall@20: 0.5440 ] Test set [ndcg@5: 0.2419 ndcg@10: 0.2838 ndcg@20: 0.3235 ] Test set [hr@5: 0.4532 hr@10: 0.5835 hr@20: 0.7162 ] 
2026-01-06 02:05:54,683 - Validation score increased. Copying the best model ...
2026-01-06 02:13:56,569 - [Epoch  26 / 200] bpr_loss: 0.1007 cl_loss: 5.4567 reg_loss: 0.0150 
2026-01-06 02:14:00,322 - Epoch  26 Test set [recall@5: 0.3012 recall@10: 0.4131 recall@20: 0.5455 ] Test set [ndcg@5: 0.2425 ndcg@10: 0.2847 ndcg@20: 0.3245 ] Test set [hr@5: 0.4540 hr@10: 0.5854 hr@20: 0.7168 ] 
2026-01-06 02:14:00,323 - Validation score increased. Copying the best model ...
2026-01-06 02:22:02,450 - [Epoch  27 / 200] bpr_loss: 0.1002 cl_loss: 5.4470 reg_loss: 0.0153 
2026-01-06 02:22:05,533 - Epoch  27 Test set [recall@5: 0.3048 recall@10: 0.4175 recall@20: 0.5488 ] Test set [ndcg@5: 0.2482 ndcg@10: 0.2906 ndcg@20: 0.3301 ] Test set [hr@5: 0.4591 hr@10: 0.5898 hr@20: 0.7211 ] 
2026-01-06 02:22:05,534 - Validation score increased. Copying the best model ...
2026-01-06 02:30:07,395 - [Epoch  28 / 200] bpr_loss: 0.0991 cl_loss: 5.4400 reg_loss: 0.0157 
2026-01-06 02:30:10,967 - Epoch  28 Test set [recall@5: 0.3062 recall@10: 0.4180 recall@20: 0.5493 ] Test set [ndcg@5: 0.2479 ndcg@10: 0.2900 ndcg@20: 0.3294 ] Test set [hr@5: 0.4596 hr@10: 0.5903 hr@20: 0.7211 ] 
2026-01-06 02:30:10,969 - Validation score increased. Copying the best model ...
2026-01-06 02:38:12,692 - [Epoch  29 / 200] bpr_loss: 0.0973 cl_loss: 5.4317 reg_loss: 0.0160 
2026-01-06 02:38:16,748 - Epoch  29 Test set [recall@5: 0.3075 recall@10: 0.4205 recall@20: 0.5522 ] Test set [ndcg@5: 0.2485 ndcg@10: 0.2911 ndcg@20: 0.3307 ] Test set [hr@5: 0.4617 hr@10: 0.5936 hr@20: 0.7234 ] 
2026-01-06 02:38:16,750 - Validation score increased. Copying the best model ...
2026-01-06 02:46:19,212 - [Epoch  30 / 200] bpr_loss: 0.0961 cl_loss: 5.4222 reg_loss: 0.0163 
2026-01-06 02:46:22,985 - Epoch  30 Test set [recall@5: 0.3101 recall@10: 0.4241 recall@20: 0.5550 ] Test set [ndcg@5: 0.2508 ndcg@10: 0.2937 ndcg@20: 0.3330 ] Test set [hr@5: 0.4657 hr@10: 0.5984 hr@20: 0.7266 ] 
2026-01-06 02:46:22,987 - Validation score increased. Copying the best model ...
2026-01-06 02:54:25,147 - [Epoch  31 / 200] bpr_loss: 0.0952 cl_loss: 5.4153 reg_loss: 0.0166 
2026-01-06 02:54:28,667 - Epoch  31 Test set [recall@5: 0.3089 recall@10: 0.4191 recall@20: 0.5523 ] Test set [ndcg@5: 0.2497 ndcg@10: 0.2912 ndcg@20: 0.3312 ] Test set [hr@5: 0.4625 hr@10: 0.5907 hr@20: 0.7236 ] 
2026-01-06 02:54:28,668 - Early stop counter: 1 out of 10
2026-01-06 03:02:30,745 - [Epoch  32 / 200] bpr_loss: 0.0932 cl_loss: 5.4067 reg_loss: 0.0170 
2026-01-06 03:02:34,283 - Epoch  32 Test set [recall@5: 0.3070 recall@10: 0.4208 recall@20: 0.5547 ] Test set [ndcg@5: 0.2487 ndcg@10: 0.2915 ndcg@20: 0.3318 ] Test set [hr@5: 0.4626 hr@10: 0.5957 hr@20: 0.7268 ] 
2026-01-06 03:02:34,283 - Early stop counter: 2 out of 10
2026-01-06 03:10:36,168 - [Epoch  33 / 200] bpr_loss: 0.0915 cl_loss: 5.4004 reg_loss: 0.0173 
2026-01-06 03:10:39,926 - Epoch  33 Test set [recall@5: 0.3108 recall@10: 0.4249 recall@20: 0.5589 ] Test set [ndcg@5: 0.2538 ndcg@10: 0.2967 ndcg@20: 0.3370 ] Test set [hr@5: 0.4673 hr@10: 0.5980 hr@20: 0.7297 ] 
2026-01-06 03:10:39,928 - Validation score increased. Copying the best model ...
2026-01-06 03:18:41,899 - [Epoch  34 / 200] bpr_loss: 0.0919 cl_loss: 5.3911 reg_loss: 0.0176 
2026-01-06 03:18:45,540 - Epoch  34 Test set [recall@5: 0.3135 recall@10: 0.4262 recall@20: 0.5595 ] Test set [ndcg@5: 0.2546 ndcg@10: 0.2970 ndcg@20: 0.3371 ] Test set [hr@5: 0.4708 hr@10: 0.5994 hr@20: 0.7299 ] 
2026-01-06 03:18:45,541 - Validation score increased. Copying the best model ...
2026-01-06 03:26:47,119 - [Epoch  35 / 200] bpr_loss: 0.0893 cl_loss: 5.3866 reg_loss: 0.0179 
2026-01-06 03:26:50,903 - Epoch  35 Test set [recall@5: 0.3139 recall@10: 0.4289 recall@20: 0.5599 ] Test set [ndcg@5: 0.2541 ndcg@10: 0.2974 ndcg@20: 0.3369 ] Test set [hr@5: 0.4707 hr@10: 0.6020 hr@20: 0.7313 ] 
2026-01-06 03:26:50,904 - Validation score increased. Copying the best model ...
2026-01-06 03:34:52,754 - [Epoch  36 / 200] bpr_loss: 0.0884 cl_loss: 5.3795 reg_loss: 0.0183 
2026-01-06 03:34:57,291 - Epoch  36 Test set [recall@5: 0.3173 recall@10: 0.4316 recall@20: 0.5625 ] Test set [ndcg@5: 0.2577 ndcg@10: 0.3008 ndcg@20: 0.3402 ] Test set [hr@5: 0.4748 hr@10: 0.6059 hr@20: 0.7330 ] 
2026-01-06 03:34:57,293 - Validation score increased. Copying the best model ...
2026-01-06 03:42:59,442 - [Epoch  37 / 200] bpr_loss: 0.0875 cl_loss: 5.3728 reg_loss: 0.0186 
2026-01-06 03:43:03,262 - Epoch  37 Test set [recall@5: 0.3165 recall@10: 0.4306 recall@20: 0.5619 ] Test set [ndcg@5: 0.2562 ndcg@10: 0.2992 ndcg@20: 0.3387 ] Test set [hr@5: 0.4729 hr@10: 0.6034 hr@20: 0.7330 ] 
2026-01-06 03:43:03,262 - Early stop counter: 1 out of 10
2026-01-06 03:51:05,064 - [Epoch  38 / 200] bpr_loss: 0.0863 cl_loss: 5.3668 reg_loss: 0.0189 
2026-01-06 03:51:08,842 - Epoch  38 Test set [recall@5: 0.3148 recall@10: 0.4312 recall@20: 0.5626 ] Test set [ndcg@5: 0.2555 ndcg@10: 0.2993 ndcg@20: 0.3389 ] Test set [hr@5: 0.4719 hr@10: 0.6050 hr@20: 0.7345 ] 
2026-01-06 03:51:08,842 - Early stop counter: 2 out of 10
2026-01-06 03:59:10,478 - [Epoch  39 / 200] bpr_loss: 0.0850 cl_loss: 5.3613 reg_loss: 0.0192 
2026-01-06 03:59:14,256 - Epoch  39 Test set [recall@5: 0.3181 recall@10: 0.4341 recall@20: 0.5659 ] Test set [ndcg@5: 0.2572 ndcg@10: 0.3010 ndcg@20: 0.3406 ] Test set [hr@5: 0.4759 hr@10: 0.6095 hr@20: 0.7372 ] 
2026-01-06 03:59:14,258 - Validation score increased. Copying the best model ...
2026-01-06 04:07:16,050 - [Epoch  40 / 200] bpr_loss: 0.0844 cl_loss: 5.3564 reg_loss: 0.0195 
2026-01-06 04:07:19,787 - Epoch  40 Test set [recall@5: 0.3153 recall@10: 0.4312 recall@20: 0.5638 ] Test set [ndcg@5: 0.2567 ndcg@10: 0.3004 ndcg@20: 0.3403 ] Test set [hr@5: 0.4729 hr@10: 0.6058 hr@20: 0.7347 ] 
2026-01-06 04:07:19,788 - Early stop counter: 1 out of 10
2026-01-06 04:15:21,570 - [Epoch  41 / 200] bpr_loss: 0.0838 cl_loss: 5.3520 reg_loss: 0.0198 
2026-01-06 04:15:25,149 - Epoch  41 Test set [recall@5: 0.3198 recall@10: 0.4346 recall@20: 0.5661 ] Test set [ndcg@5: 0.2588 ndcg@10: 0.3021 ndcg@20: 0.3418 ] Test set [hr@5: 0.4774 hr@10: 0.6088 hr@20: 0.7367 ] 
2026-01-06 04:15:25,150 - Validation score increased. Copying the best model ...
2026-01-06 04:23:26,775 - [Epoch  42 / 200] bpr_loss: 0.0825 cl_loss: 5.3466 reg_loss: 0.0201 
2026-01-06 04:23:30,409 - Epoch  42 Test set [recall@5: 0.3209 recall@10: 0.4363 recall@20: 0.5686 ] Test set [ndcg@5: 0.2611 ndcg@10: 0.3045 ndcg@20: 0.3443 ] Test set [hr@5: 0.4796 hr@10: 0.6117 hr@20: 0.7386 ] 
2026-01-06 04:23:30,410 - Validation score increased. Copying the best model ...
2026-01-06 04:31:32,117 - [Epoch  43 / 200] bpr_loss: 0.0807 cl_loss: 5.3417 reg_loss: 0.0205 
2026-01-06 04:31:35,890 - Epoch  43 Test set [recall@5: 0.3213 recall@10: 0.4373 recall@20: 0.5682 ] Test set [ndcg@5: 0.2624 ndcg@10: 0.3061 ndcg@20: 0.3455 ] Test set [hr@5: 0.4805 hr@10: 0.6108 hr@20: 0.7391 ] 
2026-01-06 04:31:35,891 - Validation score increased. Copying the best model ...
2026-01-06 04:39:37,369 - [Epoch  44 / 200] bpr_loss: 0.0804 cl_loss: 5.3373 reg_loss: 0.0208 
2026-01-06 04:39:41,059 - Epoch  44 Test set [recall@5: 0.3211 recall@10: 0.4372 recall@20: 0.5692 ] Test set [ndcg@5: 0.2599 ndcg@10: 0.3036 ndcg@20: 0.3434 ] Test set [hr@5: 0.4786 hr@10: 0.6111 hr@20: 0.7394 ] 
2026-01-06 04:39:41,060 - Early stop counter: 1 out of 10
2026-01-06 04:47:42,342 - [Epoch  45 / 200] bpr_loss: 0.0798 cl_loss: 5.3347 reg_loss: 0.0211 
2026-01-06 04:47:46,132 - Epoch  45 Test set [recall@5: 0.3235 recall@10: 0.4413 recall@20: 0.5716 ] Test set [ndcg@5: 0.2634 ndcg@10: 0.3078 ndcg@20: 0.3471 ] Test set [hr@5: 0.4827 hr@10: 0.6158 hr@20: 0.7427 ] 
2026-01-06 04:47:46,134 - Validation score increased. Copying the best model ...
2026-01-06 04:55:48,086 - [Epoch  46 / 200] bpr_loss: 0.0776 cl_loss: 5.3303 reg_loss: 0.0214 
2026-01-06 04:55:51,864 - Epoch  46 Test set [recall@5: 0.3236 recall@10: 0.4398 recall@20: 0.5725 ] Test set [ndcg@5: 0.2644 ndcg@10: 0.3082 ndcg@20: 0.3482 ] Test set [hr@5: 0.4826 hr@10: 0.6138 hr@20: 0.7424 ] 
2026-01-06 04:55:51,866 - Validation score increased. Copying the best model ...
2026-01-06 05:03:53,747 - [Epoch  47 / 200] bpr_loss: 0.0776 cl_loss: 5.3257 reg_loss: 0.0216 
2026-01-06 05:03:57,485 - Epoch  47 Test set [recall@5: 0.3192 recall@10: 0.4375 recall@20: 0.5705 ] Test set [ndcg@5: 0.2583 ndcg@10: 0.3029 ndcg@20: 0.3430 ] Test set [hr@5: 0.4783 hr@10: 0.6122 hr@20: 0.7413 ] 
2026-01-06 05:03:57,486 - Early stop counter: 1 out of 10
2026-01-06 05:11:59,148 - [Epoch  48 / 200] bpr_loss: 0.0761 cl_loss: 5.3216 reg_loss: 0.0219 
2026-01-06 05:12:02,812 - Epoch  48 Test set [recall@5: 0.3239 recall@10: 0.4407 recall@20: 0.5716 ] Test set [ndcg@5: 0.2645 ndcg@10: 0.3086 ndcg@20: 0.3481 ] Test set [hr@5: 0.4824 hr@10: 0.6157 hr@20: 0.7414 ] 
2026-01-06 05:12:02,813 - Validation score increased. Copying the best model ...
2026-01-06 05:20:04,578 - [Epoch  49 / 200] bpr_loss: 0.0757 cl_loss: 5.3183 reg_loss: 0.0222 
2026-01-06 05:20:09,236 - Epoch  49 Test set [recall@5: 0.3249 recall@10: 0.4408 recall@20: 0.5710 ] Test set [ndcg@5: 0.2654 ndcg@10: 0.3091 ndcg@20: 0.3484 ] Test set [hr@5: 0.4843 hr@10: 0.6159 hr@20: 0.7403 ] 
2026-01-06 05:20:09,238 - Validation score increased. Copying the best model ...
2026-01-06 05:28:10,897 - [Epoch  50 / 200] bpr_loss: 0.0756 cl_loss: 5.3145 reg_loss: 0.0224 
2026-01-06 05:28:14,663 - Epoch  50 Test set [recall@5: 0.3245 recall@10: 0.4405 recall@20: 0.5728 ] Test set [ndcg@5: 0.2653 ndcg@10: 0.3091 ndcg@20: 0.3490 ] Test set [hr@5: 0.4837 hr@10: 0.6160 hr@20: 0.7434 ] 
2026-01-06 05:28:14,663 - Early stop counter: 1 out of 10
2026-01-06 05:36:16,389 - [Epoch  51 / 200] bpr_loss: 0.0748 cl_loss: 5.3111 reg_loss: 0.0227 
2026-01-06 05:36:19,209 - Epoch  51 Test set [recall@5: 0.3257 recall@10: 0.4431 recall@20: 0.5744 ] Test set [ndcg@5: 0.2671 ndcg@10: 0.3114 ndcg@20: 0.3511 ] Test set [hr@5: 0.4854 hr@10: 0.6187 hr@20: 0.7435 ] 
2026-01-06 05:36:19,211 - Validation score increased. Copying the best model ...
2026-01-06 05:44:20,727 - [Epoch  52 / 200] bpr_loss: 0.0737 cl_loss: 5.3085 reg_loss: 0.0229 
2026-01-06 05:44:24,414 - Epoch  52 Test set [recall@5: 0.3255 recall@10: 0.4421 recall@20: 0.5750 ] Test set [ndcg@5: 0.2669 ndcg@10: 0.3108 ndcg@20: 0.3509 ] Test set [hr@5: 0.4853 hr@10: 0.6177 hr@20: 0.7451 ] 
2026-01-06 05:44:24,415 - Early stop counter: 1 out of 10
2026-01-06 05:52:26,049 - [Epoch  53 / 200] bpr_loss: 0.0725 cl_loss: 5.3054 reg_loss: 0.0232 
2026-01-06 05:52:29,794 - Epoch  53 Test set [recall@5: 0.3267 recall@10: 0.4434 recall@20: 0.5750 ] Test set [ndcg@5: 0.2672 ndcg@10: 0.3111 ndcg@20: 0.3508 ] Test set [hr@5: 0.4867 hr@10: 0.6188 hr@20: 0.7446 ] 
2026-01-06 05:52:29,795 - Validation score increased. Copying the best model ...
2026-01-06 06:00:31,438 - [Epoch  54 / 200] bpr_loss: 0.0726 cl_loss: 5.3015 reg_loss: 0.0234 
2026-01-06 06:00:35,470 - Epoch  54 Test set [recall@5: 0.3251 recall@10: 0.4455 recall@20: 0.5773 ] Test set [ndcg@5: 0.2655 ndcg@10: 0.3109 ndcg@20: 0.3506 ] Test set [hr@5: 0.4855 hr@10: 0.6208 hr@20: 0.7474 ] 
2026-01-06 06:00:35,470 - Early stop counter: 1 out of 10
2026-01-06 06:08:37,120 - [Epoch  55 / 200] bpr_loss: 0.0707 cl_loss: 5.2995 reg_loss: 0.0237 
2026-01-06 06:08:40,145 - Epoch  55 Test set [recall@5: 0.3287 recall@10: 0.4460 recall@20: 0.5771 ] Test set [ndcg@5: 0.2656 ndcg@10: 0.3099 ndcg@20: 0.3494 ] Test set [hr@5: 0.4885 hr@10: 0.6208 hr@20: 0.7473 ] 
2026-01-06 06:08:40,146 - Validation score increased. Copying the best model ...
2026-01-06 06:16:41,886 - [Epoch  56 / 200] bpr_loss: 0.0704 cl_loss: 5.2968 reg_loss: 0.0239 
2026-01-06 06:16:45,550 - Epoch  56 Test set [recall@5: 0.3293 recall@10: 0.4477 recall@20: 0.5783 ] Test set [ndcg@5: 0.2689 ndcg@10: 0.3136 ndcg@20: 0.3530 ] Test set [hr@5: 0.4896 hr@10: 0.6226 hr@20: 0.7474 ] 
2026-01-06 06:16:45,551 - Validation score increased. Copying the best model ...
2026-01-06 06:24:47,053 - [Epoch  57 / 200] bpr_loss: 0.0694 cl_loss: 5.2945 reg_loss: 0.0241 
2026-01-06 06:24:50,844 - Epoch  57 Test set [recall@5: 0.3297 recall@10: 0.4476 recall@20: 0.5803 ] Test set [ndcg@5: 0.2700 ndcg@10: 0.3143 ndcg@20: 0.3543 ] Test set [hr@5: 0.4911 hr@10: 0.6239 hr@20: 0.7498 ] 
2026-01-06 06:24:50,846 - Validation score increased. Copying the best model ...
2026-01-06 06:32:52,548 - [Epoch  58 / 200] bpr_loss: 0.0690 cl_loss: 5.2900 reg_loss: 0.0243 
2026-01-06 06:32:56,380 - Epoch  58 Test set [recall@5: 0.3273 recall@10: 0.4459 recall@20: 0.5788 ] Test set [ndcg@5: 0.2675 ndcg@10: 0.3122 ndcg@20: 0.3523 ] Test set [hr@5: 0.4885 hr@10: 0.6218 hr@20: 0.7488 ] 
2026-01-06 06:32:56,380 - Early stop counter: 1 out of 10
2026-01-06 06:40:58,007 - [Epoch  59 / 200] bpr_loss: 0.0688 cl_loss: 5.2888 reg_loss: 0.0246 
2026-01-06 06:41:01,818 - Epoch  59 Test set [recall@5: 0.3289 recall@10: 0.4478 recall@20: 0.5778 ] Test set [ndcg@5: 0.2688 ndcg@10: 0.3136 ndcg@20: 0.3528 ] Test set [hr@5: 0.4896 hr@10: 0.6238 hr@20: 0.7468 ] 
2026-01-06 06:41:01,818 - Early stop counter: 2 out of 10
2026-01-06 06:49:03,659 - [Epoch  60 / 200] bpr_loss: 0.0686 cl_loss: 5.2876 reg_loss: 0.0248 
2026-01-06 06:49:06,853 - Epoch  60 Test set [recall@5: 0.3295 recall@10: 0.4475 recall@20: 0.5790 ] Test set [ndcg@5: 0.2682 ndcg@10: 0.3126 ndcg@20: 0.3524 ] Test set [hr@5: 0.4909 hr@10: 0.6229 hr@20: 0.7475 ] 
2026-01-06 06:49:06,853 - Early stop counter: 3 out of 10
2026-01-06 06:57:08,761 - [Epoch  61 / 200] bpr_loss: 0.0671 cl_loss: 5.2844 reg_loss: 0.0250 
2026-01-06 06:57:11,929 - Epoch  61 Test set [recall@5: 0.3302 recall@10: 0.4470 recall@20: 0.5794 ] Test set [ndcg@5: 0.2699 ndcg@10: 0.3139 ndcg@20: 0.3539 ] Test set [hr@5: 0.4929 hr@10: 0.6230 hr@20: 0.7496 ] 
2026-01-06 06:57:11,931 - Validation score increased. Copying the best model ...
2026-01-06 07:05:13,748 - [Epoch  62 / 200] bpr_loss: 0.0662 cl_loss: 5.2825 reg_loss: 0.0252 
2026-01-06 07:05:16,986 - Epoch  62 Test set [recall@5: 0.3308 recall@10: 0.4485 recall@20: 0.5787 ] Test set [ndcg@5: 0.2700 ndcg@10: 0.3144 ndcg@20: 0.3537 ] Test set [hr@5: 0.4917 hr@10: 0.6234 hr@20: 0.7480 ] 
2026-01-06 07:05:16,987 - Validation score increased. Copying the best model ...
2026-01-06 07:13:18,569 - [Epoch  63 / 200] bpr_loss: 0.0663 cl_loss: 5.2803 reg_loss: 0.0254 
2026-01-06 07:13:22,459 - Epoch  63 Test set [recall@5: 0.3324 recall@10: 0.4496 recall@20: 0.5823 ] Test set [ndcg@5: 0.2720 ndcg@10: 0.3161 ndcg@20: 0.3560 ] Test set [hr@5: 0.4943 hr@10: 0.6247 hr@20: 0.7511 ] 
2026-01-06 07:13:22,460 - Validation score increased. Copying the best model ...
2026-01-06 07:21:24,014 - [Epoch  64 / 200] bpr_loss: 0.0656 cl_loss: 5.2792 reg_loss: 0.0256 
2026-01-06 07:21:27,794 - Epoch  64 Test set [recall@5: 0.3353 recall@10: 0.4533 recall@20: 0.5825 ] Test set [ndcg@5: 0.2741 ndcg@10: 0.3185 ndcg@20: 0.3575 ] Test set [hr@5: 0.4986 hr@10: 0.6294 hr@20: 0.7518 ] 
2026-01-06 07:21:27,795 - Validation score increased. Copying the best model ...
2026-01-06 07:29:29,572 - [Epoch  65 / 200] bpr_loss: 0.0648 cl_loss: 5.2773 reg_loss: 0.0258 
2026-01-06 07:29:33,334 - Epoch  65 Test set [recall@5: 0.3328 recall@10: 0.4502 recall@20: 0.5819 ] Test set [ndcg@5: 0.2719 ndcg@10: 0.3161 ndcg@20: 0.3558 ] Test set [hr@5: 0.4945 hr@10: 0.6264 hr@20: 0.7501 ] 
2026-01-06 07:29:33,334 - Early stop counter: 1 out of 10
2026-01-06 07:37:34,845 - [Epoch  66 / 200] bpr_loss: 0.0641 cl_loss: 5.2759 reg_loss: 0.0260 
2026-01-06 07:37:38,666 - Epoch  66 Test set [recall@5: 0.3327 recall@10: 0.4520 recall@20: 0.5822 ] Test set [ndcg@5: 0.2716 ndcg@10: 0.3166 ndcg@20: 0.3559 ] Test set [hr@5: 0.4934 hr@10: 0.6275 hr@20: 0.7507 ] 
2026-01-06 07:37:38,667 - Early stop counter: 2 out of 10
2026-01-06 07:45:40,478 - [Epoch  67 / 200] bpr_loss: 0.0632 cl_loss: 5.2732 reg_loss: 0.0262 
2026-01-06 07:45:44,228 - Epoch  67 Test set [recall@5: 0.3322 recall@10: 0.4520 recall@20: 0.5840 ] Test set [ndcg@5: 0.2722 ndcg@10: 0.3174 ndcg@20: 0.3572 ] Test set [hr@5: 0.4946 hr@10: 0.6282 hr@20: 0.7522 ] 
2026-01-06 07:45:44,228 - Early stop counter: 3 out of 10
2026-01-06 07:53:45,888 - [Epoch  68 / 200] bpr_loss: 0.0630 cl_loss: 5.2708 reg_loss: 0.0264 
2026-01-06 07:53:49,470 - Epoch  68 Test set [recall@5: 0.3341 recall@10: 0.4502 recall@20: 0.5820 ] Test set [ndcg@5: 0.2730 ndcg@10: 0.3169 ndcg@20: 0.3567 ] Test set [hr@5: 0.4956 hr@10: 0.6250 hr@20: 0.7517 ] 
2026-01-06 07:53:49,470 - Early stop counter: 4 out of 10
2026-01-06 08:01:51,038 - [Epoch  69 / 200] bpr_loss: 0.0624 cl_loss: 5.2696 reg_loss: 0.0265 
2026-01-06 08:01:54,871 - Epoch  69 Test set [recall@5: 0.3316 recall@10: 0.4508 recall@20: 0.5833 ] Test set [ndcg@5: 0.2716 ndcg@10: 0.3166 ndcg@20: 0.3566 ] Test set [hr@5: 0.4942 hr@10: 0.6263 hr@20: 0.7514 ] 
2026-01-06 08:01:54,871 - Early stop counter: 5 out of 10
2026-01-06 08:09:56,537 - [Epoch  70 / 200] bpr_loss: 0.0629 cl_loss: 5.2691 reg_loss: 0.0267 
2026-01-06 08:10:00,286 - Epoch  70 Test set [recall@5: 0.3344 recall@10: 0.4529 recall@20: 0.5846 ] Test set [ndcg@5: 0.2743 ndcg@10: 0.3190 ndcg@20: 0.3587 ] Test set [hr@5: 0.4967 hr@10: 0.6270 hr@20: 0.7529 ] 
2026-01-06 08:10:00,286 - Early stop counter: 6 out of 10
2026-01-06 08:18:02,310 - [Epoch  71 / 200] bpr_loss: 0.0622 cl_loss: 5.2667 reg_loss: 0.0269 
2026-01-06 08:18:06,205 - Epoch  71 Test set [recall@5: 0.3351 recall@10: 0.4527 recall@20: 0.5837 ] Test set [ndcg@5: 0.2743 ndcg@10: 0.3188 ndcg@20: 0.3583 ] Test set [hr@5: 0.4976 hr@10: 0.6288 hr@20: 0.7522 ] 
2026-01-06 08:18:06,205 - Early stop counter: 7 out of 10
2026-01-06 08:26:07,892 - [Epoch  72 / 200] bpr_loss: 0.0617 cl_loss: 5.2654 reg_loss: 0.0270 
2026-01-06 08:26:11,603 - Epoch  72 Test set [recall@5: 0.3372 recall@10: 0.4552 recall@20: 0.5861 ] Test set [ndcg@5: 0.2765 ndcg@10: 0.3210 ndcg@20: 0.3605 ] Test set [hr@5: 0.5001 hr@10: 0.6323 hr@20: 0.7552 ] 
2026-01-06 08:26:11,604 - Validation score increased. Copying the best model ...
2026-01-06 08:34:13,023 - [Epoch  73 / 200] bpr_loss: 0.0618 cl_loss: 5.2628 reg_loss: 0.0272 
2026-01-06 08:34:16,830 - Epoch  73 Test set [recall@5: 0.3358 recall@10: 0.4530 recall@20: 0.5852 ] Test set [ndcg@5: 0.2750 ndcg@10: 0.3193 ndcg@20: 0.3591 ] Test set [hr@5: 0.4981 hr@10: 0.6280 hr@20: 0.7540 ] 
2026-01-06 08:34:16,830 - Early stop counter: 1 out of 10
2026-01-06 08:42:18,584 - [Epoch  74 / 200] bpr_loss: 0.0609 cl_loss: 5.2639 reg_loss: 0.0273 
2026-01-06 08:42:22,429 - Epoch  74 Test set [recall@5: 0.3368 recall@10: 0.4534 recall@20: 0.5858 ] Test set [ndcg@5: 0.2757 ndcg@10: 0.3198 ndcg@20: 0.3597 ] Test set [hr@5: 0.5002 hr@10: 0.6288 hr@20: 0.7536 ] 
2026-01-06 08:42:22,430 - Early stop counter: 2 out of 10
2026-01-06 08:50:24,367 - [Epoch  75 / 200] bpr_loss: 0.0608 cl_loss: 5.2627 reg_loss: 0.0275 
2026-01-06 08:50:28,639 - Epoch  75 Test set [recall@5: 0.3370 recall@10: 0.4567 recall@20: 0.5875 ] Test set [ndcg@5: 0.2771 ndcg@10: 0.3222 ndcg@20: 0.3617 ] Test set [hr@5: 0.4996 hr@10: 0.6322 hr@20: 0.7554 ] 
2026-01-06 08:50:28,639 - Early stop counter: 3 out of 10
2026-01-06 08:58:30,314 - [Epoch  76 / 200] bpr_loss: 0.0600 cl_loss: 5.2590 reg_loss: 0.0276 
2026-01-06 08:58:34,109 - Epoch  76 Test set [recall@5: 0.3376 recall@10: 0.4554 recall@20: 0.5863 ] Test set [ndcg@5: 0.2771 ndcg@10: 0.3216 ndcg@20: 0.3611 ] Test set [hr@5: 0.5005 hr@10: 0.6309 hr@20: 0.7536 ] 
2026-01-06 08:58:34,111 - Validation score increased. Copying the best model ...
2026-01-06 09:06:36,102 - [Epoch  77 / 200] bpr_loss: 0.0593 cl_loss: 5.2592 reg_loss: 0.0278 
2026-01-06 09:06:39,881 - Epoch  77 Test set [recall@5: 0.3370 recall@10: 0.4550 recall@20: 0.5878 ] Test set [ndcg@5: 0.2766 ndcg@10: 0.3211 ndcg@20: 0.3612 ] Test set [hr@5: 0.4990 hr@10: 0.6308 hr@20: 0.7552 ] 
2026-01-06 09:06:39,881 - Early stop counter: 1 out of 10
2026-01-06 09:14:41,362 - [Epoch  78 / 200] bpr_loss: 0.0593 cl_loss: 5.2584 reg_loss: 0.0280 
2026-01-06 09:14:45,145 - Epoch  78 Test set [recall@5: 0.3383 recall@10: 0.4572 recall@20: 0.5874 ] Test set [ndcg@5: 0.2772 ndcg@10: 0.3220 ndcg@20: 0.3613 ] Test set [hr@5: 0.5018 hr@10: 0.6333 hr@20: 0.7555 ] 
2026-01-06 09:14:45,147 - Validation score increased. Copying the best model ...
2026-01-06 09:22:46,812 - [Epoch  79 / 200] bpr_loss: 0.0591 cl_loss: 5.2557 reg_loss: 0.0281 
2026-01-06 09:22:50,627 - Epoch  79 Test set [recall@5: 0.3360 recall@10: 0.4548 recall@20: 0.5849 ] Test set [ndcg@5: 0.2762 ndcg@10: 0.3211 ndcg@20: 0.3604 ] Test set [hr@5: 0.4976 hr@10: 0.6312 hr@20: 0.7522 ] 
2026-01-06 09:22:50,627 - Early stop counter: 1 out of 10
2026-01-06 09:30:52,877 - [Epoch  80 / 200] bpr_loss: 0.0582 cl_loss: 5.2543 reg_loss: 0.0283 
2026-01-06 09:30:56,626 - Epoch  80 Test set [recall@5: 0.3378 recall@10: 0.4571 recall@20: 0.5880 ] Test set [ndcg@5: 0.2779 ndcg@10: 0.3230 ndcg@20: 0.3624 ] Test set [hr@5: 0.5014 hr@10: 0.6337 hr@20: 0.7554 ] 
2026-01-06 09:30:56,627 - Early stop counter: 2 out of 10
2026-01-06 09:38:58,188 - [Epoch  81 / 200] bpr_loss: 0.0582 cl_loss: 5.2541 reg_loss: 0.0284 
2026-01-06 09:39:02,086 - Epoch  81 Test set [recall@5: 0.3374 recall@10: 0.4567 recall@20: 0.5880 ] Test set [ndcg@5: 0.2770 ndcg@10: 0.3221 ndcg@20: 0.3617 ] Test set [hr@5: 0.4992 hr@10: 0.6319 hr@20: 0.7557 ] 
2026-01-06 09:39:02,087 - Early stop counter: 3 out of 10
2026-01-06 09:47:03,671 - [Epoch  82 / 200] bpr_loss: 0.0577 cl_loss: 5.2532 reg_loss: 0.0285 
2026-01-06 09:47:07,092 - Epoch  82 Test set [recall@5: 0.3397 recall@10: 0.4598 recall@20: 0.5892 ] Test set [ndcg@5: 0.2794 ndcg@10: 0.3247 ndcg@20: 0.3638 ] Test set [hr@5: 0.5036 hr@10: 0.6359 hr@20: 0.7556 ] 
2026-01-06 09:47:07,094 - Validation score increased. Copying the best model ...
2026-01-06 09:55:08,974 - [Epoch  83 / 200] bpr_loss: 0.0579 cl_loss: 5.2529 reg_loss: 0.0286 
2026-01-06 09:55:12,742 - Epoch  83 Test set [recall@5: 0.3367 recall@10: 0.4558 recall@20: 0.5871 ] Test set [ndcg@5: 0.2768 ndcg@10: 0.3217 ndcg@20: 0.3613 ] Test set [hr@5: 0.4995 hr@10: 0.6311 hr@20: 0.7556 ] 
2026-01-06 09:55:12,742 - Early stop counter: 1 out of 10
2026-01-06 10:03:14,260 - [Epoch  84 / 200] bpr_loss: 0.0570 cl_loss: 5.2508 reg_loss: 0.0288 
2026-01-06 10:03:18,052 - Epoch  84 Test set [recall@5: 0.3403 recall@10: 0.4592 recall@20: 0.5887 ] Test set [ndcg@5: 0.2793 ndcg@10: 0.3241 ndcg@20: 0.3632 ] Test set [hr@5: 0.5042 hr@10: 0.6351 hr@20: 0.7561 ] 
2026-01-06 10:03:18,053 - Validation score increased. Copying the best model ...
2026-01-06 10:11:19,737 - [Epoch  85 / 200] bpr_loss: 0.0567 cl_loss: 5.2500 reg_loss: 0.0289 
2026-01-06 10:11:23,526 - Epoch  85 Test set [recall@5: 0.3387 recall@10: 0.4566 recall@20: 0.5870 ] Test set [ndcg@5: 0.2792 ndcg@10: 0.3237 ndcg@20: 0.3631 ] Test set [hr@5: 0.5006 hr@10: 0.6318 hr@20: 0.7541 ] 
2026-01-06 10:11:23,526 - Early stop counter: 1 out of 10
2026-01-06 10:19:25,165 - [Epoch  86 / 200] bpr_loss: 0.0563 cl_loss: 5.2487 reg_loss: 0.0291 
2026-01-06 10:19:29,044 - Epoch  86 Test set [recall@5: 0.3409 recall@10: 0.4592 recall@20: 0.5885 ] Test set [ndcg@5: 0.2796 ndcg@10: 0.3243 ndcg@20: 0.3633 ] Test set [hr@5: 0.5050 hr@10: 0.6354 hr@20: 0.7563 ] 
2026-01-06 10:19:29,046 - Validation score increased. Copying the best model ...
2026-01-06 10:27:30,809 - [Epoch  87 / 200] bpr_loss: 0.0563 cl_loss: 5.2472 reg_loss: 0.0292 
2026-01-06 10:27:34,358 - Epoch  87 Test set [recall@5: 0.3403 recall@10: 0.4607 recall@20: 0.5884 ] Test set [ndcg@5: 0.2804 ndcg@10: 0.3258 ndcg@20: 0.3643 ] Test set [hr@5: 0.5030 hr@10: 0.6375 hr@20: 0.7552 ] 
2026-01-06 10:27:34,359 - Early stop counter: 1 out of 10
2026-01-06 10:35:35,851 - [Epoch  88 / 200] bpr_loss: 0.0558 cl_loss: 5.2468 reg_loss: 0.0293 
2026-01-06 10:35:39,747 - Epoch  88 Test set [recall@5: 0.3402 recall@10: 0.4601 recall@20: 0.5892 ] Test set [ndcg@5: 0.2803 ndcg@10: 0.3256 ndcg@20: 0.3646 ] Test set [hr@5: 0.5044 hr@10: 0.6360 hr@20: 0.7572 ] 
2026-01-06 10:35:39,747 - Early stop counter: 2 out of 10
2026-01-06 10:43:41,290 - [Epoch  89 / 200] bpr_loss: 0.0553 cl_loss: 5.2475 reg_loss: 0.0294 
2026-01-06 10:43:45,130 - Epoch  89 Test set [recall@5: 0.3383 recall@10: 0.4597 recall@20: 0.5903 ] Test set [ndcg@5: 0.2789 ndcg@10: 0.3247 ndcg@20: 0.3642 ] Test set [hr@5: 0.5018 hr@10: 0.6349 hr@20: 0.7580 ] 
2026-01-06 10:43:45,130 - Early stop counter: 3 out of 10
2026-01-06 10:51:47,214 - [Epoch  90 / 200] bpr_loss: 0.0549 cl_loss: 5.2467 reg_loss: 0.0296 
2026-01-06 10:51:51,081 - Epoch  90 Test set [recall@5: 0.3426 recall@10: 0.4611 recall@20: 0.5904 ] Test set [ndcg@5: 0.2819 ndcg@10: 0.3266 ndcg@20: 0.3656 ] Test set [hr@5: 0.5063 hr@10: 0.6360 hr@20: 0.7580 ] 
2026-01-06 10:51:51,083 - Validation score increased. Copying the best model ...
2026-01-06 10:59:52,860 - [Epoch  91 / 200] bpr_loss: 0.0552 cl_loss: 5.2445 reg_loss: 0.0297 
2026-01-06 10:59:56,700 - Epoch  91 Test set [recall@5: 0.3413 recall@10: 0.4599 recall@20: 0.5894 ] Test set [ndcg@5: 0.2822 ndcg@10: 0.3271 ndcg@20: 0.3662 ] Test set [hr@5: 0.5050 hr@10: 0.6349 hr@20: 0.7577 ] 
2026-01-06 10:59:56,700 - Early stop counter: 1 out of 10
2026-01-06 11:07:58,614 - [Epoch  92 / 200] bpr_loss: 0.0539 cl_loss: 5.2431 reg_loss: 0.0298 
2026-01-06 11:08:02,443 - Epoch  92 Test set [recall@5: 0.3409 recall@10: 0.4596 recall@20: 0.5903 ] Test set [ndcg@5: 0.2804 ndcg@10: 0.3252 ndcg@20: 0.3647 ] Test set [hr@5: 0.5047 hr@10: 0.6340 hr@20: 0.7567 ] 
2026-01-06 11:08:02,443 - Early stop counter: 2 out of 10
2026-01-06 11:16:04,345 - [Epoch  93 / 200] bpr_loss: 0.0542 cl_loss: 5.2429 reg_loss: 0.0299 
2026-01-06 11:16:08,223 - Epoch  93 Test set [recall@5: 0.3409 recall@10: 0.4618 recall@20: 0.5906 ] Test set [ndcg@5: 0.2805 ndcg@10: 0.3260 ndcg@20: 0.3649 ] Test set [hr@5: 0.5047 hr@10: 0.6378 hr@20: 0.7581 ] 
2026-01-06 11:16:08,224 - Early stop counter: 3 out of 10
2026-01-06 11:24:10,224 - [Epoch  94 / 200] bpr_loss: 0.0537 cl_loss: 5.2429 reg_loss: 0.0300 
2026-01-06 11:24:14,085 - Epoch  94 Test set [recall@5: 0.3409 recall@10: 0.4587 recall@20: 0.5900 ] Test set [ndcg@5: 0.2805 ndcg@10: 0.3249 ndcg@20: 0.3645 ] Test set [hr@5: 0.5038 hr@10: 0.6348 hr@20: 0.7573 ] 
2026-01-06 11:24:14,086 - Early stop counter: 4 out of 10
2026-01-06 11:32:16,348 - [Epoch  95 / 200] bpr_loss: 0.0531 cl_loss: 5.2433 reg_loss: 0.0301 
2026-01-06 11:32:20,207 - Epoch  95 Test set [recall@5: 0.3415 recall@10: 0.4601 recall@20: 0.5896 ] Test set [ndcg@5: 0.2819 ndcg@10: 0.3267 ndcg@20: 0.3657 ] Test set [hr@5: 0.5048 hr@10: 0.6370 hr@20: 0.7573 ] 
2026-01-06 11:32:20,208 - Early stop counter: 5 out of 10
2026-01-06 11:40:22,258 - [Epoch  96 / 200] bpr_loss: 0.0531 cl_loss: 5.2408 reg_loss: 0.0302 
2026-01-06 11:40:26,153 - Epoch  96 Test set [recall@5: 0.3428 recall@10: 0.4621 recall@20: 0.5920 ] Test set [ndcg@5: 0.2816 ndcg@10: 0.3265 ndcg@20: 0.3658 ] Test set [hr@5: 0.5072 hr@10: 0.6391 hr@20: 0.7603 ] 
2026-01-06 11:40:26,155 - Validation score increased. Copying the best model ...
2026-01-06 11:48:28,278 - [Epoch  97 / 200] bpr_loss: 0.0532 cl_loss: 5.2402 reg_loss: 0.0303 
2026-01-06 11:48:32,144 - Epoch  97 Test set [recall@5: 0.3439 recall@10: 0.4621 recall@20: 0.5903 ] Test set [ndcg@5: 0.2831 ndcg@10: 0.3276 ndcg@20: 0.3665 ] Test set [hr@5: 0.5071 hr@10: 0.6382 hr@20: 0.7573 ] 
2026-01-06 11:48:32,146 - Validation score increased. Copying the best model ...
2026-01-06 11:56:34,214 - [Epoch  98 / 200] bpr_loss: 0.0530 cl_loss: 5.2403 reg_loss: 0.0304 
2026-01-06 11:56:38,459 - Epoch  98 Test set [recall@5: 0.3438 recall@10: 0.4635 recall@20: 0.5925 ] Test set [ndcg@5: 0.2826 ndcg@10: 0.3278 ndcg@20: 0.3667 ] Test set [hr@5: 0.5090 hr@10: 0.6393 hr@20: 0.7588 ] 
2026-01-06 11:56:38,460 - Early stop counter: 1 out of 10
2026-01-06 12:04:40,151 - [Epoch  99 / 200] bpr_loss: 0.0526 cl_loss: 5.2389 reg_loss: 0.0305 
2026-01-06 12:04:44,022 - Epoch  99 Test set [recall@5: 0.3453 recall@10: 0.4640 recall@20: 0.5925 ] Test set [ndcg@5: 0.2851 ndcg@10: 0.3300 ndcg@20: 0.3688 ] Test set [hr@5: 0.5101 hr@10: 0.6400 hr@20: 0.7593 ] 
2026-01-06 12:04:44,024 - Validation score increased. Copying the best model ...
2026-01-06 12:12:46,008 - [Epoch 100 / 200] bpr_loss: 0.0521 cl_loss: 5.2388 reg_loss: 0.0306 
2026-01-06 12:12:49,934 - Epoch 100 Test set [recall@5: 0.3437 recall@10: 0.4597 recall@20: 0.5898 ] Test set [ndcg@5: 0.2832 ndcg@10: 0.3269 ndcg@20: 0.3662 ] Test set [hr@5: 0.5076 hr@10: 0.6362 hr@20: 0.7567 ] 
2026-01-06 12:12:49,934 - Early stop counter: 1 out of 10
2026-01-06 12:20:52,027 - [Epoch 101 / 200] bpr_loss: 0.0523 cl_loss: 5.2378 reg_loss: 0.0307 
2026-01-06 12:20:56,323 - Epoch 101 Test set [recall@5: 0.3463 recall@10: 0.4631 recall@20: 0.5914 ] Test set [ndcg@5: 0.2857 ndcg@10: 0.3297 ndcg@20: 0.3684 ] Test set [hr@5: 0.5114 hr@10: 0.6397 hr@20: 0.7585 ] 
2026-01-06 12:20:56,324 - Validation score increased. Copying the best model ...
2026-01-06 12:28:58,538 - [Epoch 102 / 200] bpr_loss: 0.0519 cl_loss: 5.2367 reg_loss: 0.0308 
2026-01-06 12:29:02,670 - Epoch 102 Test set [recall@5: 0.3436 recall@10: 0.4628 recall@20: 0.5918 ] Test set [ndcg@5: 0.2837 ndcg@10: 0.3286 ndcg@20: 0.3675 ] Test set [hr@5: 0.5084 hr@10: 0.6398 hr@20: 0.7590 ] 
2026-01-06 12:29:02,671 - Early stop counter: 1 out of 10
2026-01-06 12:37:05,001 - [Epoch 103 / 200] bpr_loss: 0.0510 cl_loss: 5.2365 reg_loss: 0.0309 
2026-01-06 12:37:09,069 - Epoch 103 Test set [recall@5: 0.3435 recall@10: 0.4615 recall@20: 0.5929 ] Test set [ndcg@5: 0.2830 ndcg@10: 0.3275 ndcg@20: 0.3671 ] Test set [hr@5: 0.5081 hr@10: 0.6383 hr@20: 0.7603 ] 
2026-01-06 12:37:09,069 - Early stop counter: 2 out of 10
2026-01-06 12:45:11,495 - [Epoch 104 / 200] bpr_loss: 0.0520 cl_loss: 5.2350 reg_loss: 0.0310 
2026-01-06 12:45:15,410 - Epoch 104 Test set [recall@5: 0.3422 recall@10: 0.4601 recall@20: 0.5911 ] Test set [ndcg@5: 0.2826 ndcg@10: 0.3272 ndcg@20: 0.3668 ] Test set [hr@5: 0.5069 hr@10: 0.6363 hr@20: 0.7578 ] 
2026-01-06 12:45:15,411 - Early stop counter: 3 out of 10
2026-01-06 12:53:17,821 - [Epoch 105 / 200] bpr_loss: 0.0519 cl_loss: 5.2351 reg_loss: 0.0311 
2026-01-06 12:53:21,772 - Epoch 105 Test set [recall@5: 0.3464 recall@10: 0.4622 recall@20: 0.5927 ] Test set [ndcg@5: 0.2860 ndcg@10: 0.3297 ndcg@20: 0.3691 ] Test set [hr@5: 0.5103 hr@10: 0.6382 hr@20: 0.7597 ] 
2026-01-06 12:53:21,774 - Validation score increased. Copying the best model ...
2026-01-06 13:01:23,723 - [Epoch 106 / 200] bpr_loss: 0.0502 cl_loss: 5.2341 reg_loss: 0.0312 
2026-01-06 13:01:27,121 - Epoch 106 Test set [recall@5: 0.3447 recall@10: 0.4626 recall@20: 0.5958 ] Test set [ndcg@5: 0.2838 ndcg@10: 0.3283 ndcg@20: 0.3685 ] Test set [hr@5: 0.5102 hr@10: 0.6393 hr@20: 0.7626 ] 
2026-01-06 13:01:27,121 - Early stop counter: 1 out of 10
2026-01-06 13:09:28,818 - [Epoch 107 / 200] bpr_loss: 0.0510 cl_loss: 5.2352 reg_loss: 0.0313 
2026-01-06 13:09:32,914 - Epoch 107 Test set [recall@5: 0.3468 recall@10: 0.4651 recall@20: 0.5945 ] Test set [ndcg@5: 0.2872 ndcg@10: 0.3319 ndcg@20: 0.3710 ] Test set [hr@5: 0.5127 hr@10: 0.6413 hr@20: 0.7611 ] 
2026-01-06 13:09:32,916 - Validation score increased. Copying the best model ...
2026-01-06 13:17:34,921 - [Epoch 108 / 200] bpr_loss: 0.0510 cl_loss: 5.2332 reg_loss: 0.0313 
2026-01-06 13:17:38,885 - Epoch 108 Test set [recall@5: 0.3452 recall@10: 0.4619 recall@20: 0.5915 ] Test set [ndcg@5: 0.2847 ndcg@10: 0.3289 ndcg@20: 0.3679 ] Test set [hr@5: 0.5094 hr@10: 0.6383 hr@20: 0.7587 ] 
2026-01-06 13:17:38,885 - Early stop counter: 1 out of 10
2026-01-06 13:25:40,971 - [Epoch 109 / 200] bpr_loss: 0.0500 cl_loss: 5.2325 reg_loss: 0.0314 
2026-01-06 13:25:44,822 - Epoch 109 Test set [recall@5: 0.3461 recall@10: 0.4646 recall@20: 0.5947 ] Test set [ndcg@5: 0.2861 ndcg@10: 0.3307 ndcg@20: 0.3700 ] Test set [hr@5: 0.5111 hr@10: 0.6409 hr@20: 0.7619 ] 
2026-01-06 13:25:44,822 - Early stop counter: 2 out of 10
2026-01-06 13:33:47,168 - [Epoch 110 / 200] bpr_loss: 0.0500 cl_loss: 5.2320 reg_loss: 0.0315 
2026-01-06 13:33:51,407 - Epoch 110 Test set [recall@5: 0.3472 recall@10: 0.4638 recall@20: 0.5943 ] Test set [ndcg@5: 0.2860 ndcg@10: 0.3299 ndcg@20: 0.3693 ] Test set [hr@5: 0.5115 hr@10: 0.6391 hr@20: 0.7613 ] 
2026-01-06 13:33:51,409 - Validation score increased. Copying the best model ...
2026-01-06 13:41:53,810 - [Epoch 111 / 200] bpr_loss: 0.0504 cl_loss: 5.2310 reg_loss: 0.0316 
2026-01-06 13:41:57,774 - Epoch 111 Test set [recall@5: 0.3467 recall@10: 0.4634 recall@20: 0.5919 ] Test set [ndcg@5: 0.2860 ndcg@10: 0.3300 ndcg@20: 0.3688 ] Test set [hr@5: 0.5108 hr@10: 0.6388 hr@20: 0.7584 ] 
2026-01-06 13:41:57,775 - Early stop counter: 1 out of 10
2026-01-06 13:49:59,921 - [Epoch 112 / 200] bpr_loss: 0.0503 cl_loss: 5.2319 reg_loss: 0.0316 
2026-01-06 13:50:03,833 - Epoch 112 Test set [recall@5: 0.3489 recall@10: 0.4673 recall@20: 0.5957 ] Test set [ndcg@5: 0.2886 ndcg@10: 0.3331 ndcg@20: 0.3718 ] Test set [hr@5: 0.5145 hr@10: 0.6437 hr@20: 0.7615 ] 
2026-01-06 13:50:03,834 - Validation score increased. Copying the best model ...
2026-01-06 13:58:05,705 - [Epoch 113 / 200] bpr_loss: 0.0496 cl_loss: 5.2307 reg_loss: 0.0317 
2026-01-06 13:58:09,775 - Epoch 113 Test set [recall@5: 0.3486 recall@10: 0.4663 recall@20: 0.5949 ] Test set [ndcg@5: 0.2875 ndcg@10: 0.3318 ndcg@20: 0.3706 ] Test set [hr@5: 0.5132 hr@10: 0.6412 hr@20: 0.7615 ] 
2026-01-06 13:58:09,776 - Early stop counter: 1 out of 10
2026-01-06 14:06:11,604 - [Epoch 114 / 200] bpr_loss: 0.0496 cl_loss: 5.2317 reg_loss: 0.0318 
2026-01-06 14:06:16,000 - Epoch 114 Test set [recall@5: 0.3476 recall@10: 0.4666 recall@20: 0.5944 ] Test set [ndcg@5: 0.2874 ndcg@10: 0.3324 ndcg@20: 0.3709 ] Test set [hr@5: 0.5122 hr@10: 0.6427 hr@20: 0.7608 ] 
2026-01-06 14:06:16,000 - Early stop counter: 2 out of 10
2026-01-06 14:14:17,699 - [Epoch 115 / 200] bpr_loss: 0.0494 cl_loss: 5.2285 reg_loss: 0.0319 
2026-01-06 14:14:21,830 - Epoch 115 Test set [recall@5: 0.3466 recall@10: 0.4662 recall@20: 0.5936 ] Test set [ndcg@5: 0.2874 ndcg@10: 0.3326 ndcg@20: 0.3711 ] Test set [hr@5: 0.5112 hr@10: 0.6417 hr@20: 0.7597 ] 
2026-01-06 14:14:21,831 - Early stop counter: 3 out of 10
2026-01-06 14:22:23,825 - [Epoch 116 / 200] bpr_loss: 0.0496 cl_loss: 5.2285 reg_loss: 0.0320 
2026-01-06 14:22:27,680 - Epoch 116 Test set [recall@5: 0.3486 recall@10: 0.4671 recall@20: 0.5961 ] Test set [ndcg@5: 0.2878 ndcg@10: 0.3326 ndcg@20: 0.3714 ] Test set [hr@5: 0.5150 hr@10: 0.6432 hr@20: 0.7626 ] 
2026-01-06 14:22:27,681 - Early stop counter: 4 out of 10
2026-01-06 14:30:29,945 - [Epoch 117 / 200] bpr_loss: 0.0499 cl_loss: 5.2291 reg_loss: 0.0321 
2026-01-06 14:30:33,980 - Epoch 117 Test set [recall@5: 0.3472 recall@10: 0.4645 recall@20: 0.5933 ] Test set [ndcg@5: 0.2879 ndcg@10: 0.3322 ndcg@20: 0.3710 ] Test set [hr@5: 0.5113 hr@10: 0.6408 hr@20: 0.7599 ] 
2026-01-06 14:30:33,980 - Early stop counter: 5 out of 10
2026-01-06 14:38:36,114 - [Epoch 118 / 200] bpr_loss: 0.0482 cl_loss: 5.2264 reg_loss: 0.0321 
2026-01-06 14:38:40,048 - Epoch 118 Test set [recall@5: 0.3484 recall@10: 0.4656 recall@20: 0.5952 ] Test set [ndcg@5: 0.2885 ndcg@10: 0.3327 ndcg@20: 0.3719 ] Test set [hr@5: 0.5129 hr@10: 0.6407 hr@20: 0.7620 ] 
2026-01-06 14:38:40,048 - Early stop counter: 6 out of 10
2026-01-06 14:46:42,114 - [Epoch 119 / 200] bpr_loss: 0.0485 cl_loss: 5.2268 reg_loss: 0.0322 
2026-01-06 14:46:45,953 - Epoch 119 Test set [recall@5: 0.3455 recall@10: 0.4640 recall@20: 0.5930 ] Test set [ndcg@5: 0.2851 ndcg@10: 0.3299 ndcg@20: 0.3688 ] Test set [hr@5: 0.5101 hr@10: 0.6387 hr@20: 0.7607 ] 
2026-01-06 14:46:45,953 - Early stop counter: 7 out of 10
2026-01-06 14:54:47,698 - [Epoch 120 / 200] bpr_loss: 0.0490 cl_loss: 5.2267 reg_loss: 0.0323 
2026-01-06 14:54:51,816 - Epoch 120 Test set [recall@5: 0.3467 recall@10: 0.4654 recall@20: 0.5944 ] Test set [ndcg@5: 0.2861 ndcg@10: 0.3309 ndcg@20: 0.3698 ] Test set [hr@5: 0.5125 hr@10: 0.6409 hr@20: 0.7617 ] 
2026-01-06 14:54:51,817 - Early stop counter: 8 out of 10
2026-01-06 15:02:53,605 - [Epoch 121 / 200] bpr_loss: 0.0486 cl_loss: 5.2268 reg_loss: 0.0323 
2026-01-06 15:02:57,444 - Epoch 121 Test set [recall@5: 0.3494 recall@10: 0.4673 recall@20: 0.5975 ] Test set [ndcg@5: 0.2880 ndcg@10: 0.3326 ndcg@20: 0.3719 ] Test set [hr@5: 0.5156 hr@10: 0.6436 hr@20: 0.7641 ] 
2026-01-06 15:02:57,445 - Validation score increased. Copying the best model ...
2026-01-06 15:10:59,197 - [Epoch 122 / 200] bpr_loss: 0.0476 cl_loss: 5.2260 reg_loss: 0.0324 
2026-01-06 15:11:03,331 - Epoch 122 Test set [recall@5: 0.3489 recall@10: 0.4677 recall@20: 0.5954 ] Test set [ndcg@5: 0.2881 ndcg@10: 0.3329 ndcg@20: 0.3714 ] Test set [hr@5: 0.5153 hr@10: 0.6444 hr@20: 0.7628 ] 
2026-01-06 15:11:03,332 - Early stop counter: 1 out of 10
2026-01-06 15:19:05,226 - [Epoch 123 / 200] bpr_loss: 0.0485 cl_loss: 5.2245 reg_loss: 0.0325 
2026-01-06 15:19:09,355 - Epoch 123 Test set [recall@5: 0.3498 recall@10: 0.4677 recall@20: 0.5965 ] Test set [ndcg@5: 0.2880 ndcg@10: 0.3324 ndcg@20: 0.3713 ] Test set [hr@5: 0.5153 hr@10: 0.6440 hr@20: 0.7646 ] 
2026-01-06 15:19:09,357 - Validation score increased. Copying the best model ...
2026-01-06 15:27:11,425 - [Epoch 124 / 200] bpr_loss: 0.0486 cl_loss: 5.2247 reg_loss: 0.0325 
2026-01-06 15:27:15,535 - Epoch 124 Test set [recall@5: 0.3472 recall@10: 0.4668 recall@20: 0.5956 ] Test set [ndcg@5: 0.2872 ndcg@10: 0.3323 ndcg@20: 0.3712 ] Test set [hr@5: 0.5128 hr@10: 0.6428 hr@20: 0.7638 ] 
2026-01-06 15:27:15,535 - Early stop counter: 1 out of 10
2026-01-06 15:35:17,478 - [Epoch 125 / 200] bpr_loss: 0.0475 cl_loss: 5.2245 reg_loss: 0.0326 
2026-01-06 15:35:21,410 - Epoch 125 Test set [recall@5: 0.3504 recall@10: 0.4680 recall@20: 0.5953 ] Test set [ndcg@5: 0.2887 ndcg@10: 0.3332 ndcg@20: 0.3715 ] Test set [hr@5: 0.5165 hr@10: 0.6456 hr@20: 0.7629 ] 
2026-01-06 15:35:21,412 - Validation score increased. Copying the best model ...
2026-01-06 15:43:23,424 - [Epoch 126 / 200] bpr_loss: 0.0478 cl_loss: 5.2247 reg_loss: 0.0327 
2026-01-06 15:43:27,435 - Epoch 126 Test set [recall@5: 0.3472 recall@10: 0.4651 recall@20: 0.5943 ] Test set [ndcg@5: 0.2867 ndcg@10: 0.3312 ndcg@20: 0.3702 ] Test set [hr@5: 0.5127 hr@10: 0.6425 hr@20: 0.7619 ] 
2026-01-06 15:43:27,435 - Early stop counter: 1 out of 10
2026-01-06 15:51:30,191 - [Epoch 127 / 200] bpr_loss: 0.0472 cl_loss: 5.2244 reg_loss: 0.0327 
2026-01-06 15:51:34,305 - Epoch 127 Test set [recall@5: 0.3496 recall@10: 0.4680 recall@20: 0.5963 ] Test set [ndcg@5: 0.2888 ndcg@10: 0.3334 ndcg@20: 0.3721 ] Test set [hr@5: 0.5150 hr@10: 0.6444 hr@20: 0.7635 ] 
2026-01-06 15:51:34,305 - Early stop counter: 2 out of 10
2026-01-06 15:59:36,637 - [Epoch 128 / 200] bpr_loss: 0.0475 cl_loss: 5.2231 reg_loss: 0.0328 
2026-01-06 15:59:40,482 - Epoch 128 Test set [recall@5: 0.3509 recall@10: 0.4685 recall@20: 0.5968 ] Test set [ndcg@5: 0.2899 ndcg@10: 0.3343 ndcg@20: 0.3730 ] Test set [hr@5: 0.5169 hr@10: 0.6448 hr@20: 0.7637 ] 
2026-01-06 15:59:40,484 - Validation score increased. Copying the best model ...
2026-01-06 16:07:42,307 - [Epoch 129 / 200] bpr_loss: 0.0473 cl_loss: 5.2214 reg_loss: 0.0328 
2026-01-06 16:07:45,878 - Epoch 129 Test set [recall@5: 0.3513 recall@10: 0.4682 recall@20: 0.5948 ] Test set [ndcg@5: 0.2901 ndcg@10: 0.3342 ndcg@20: 0.3724 ] Test set [hr@5: 0.5171 hr@10: 0.6448 hr@20: 0.7624 ] 
2026-01-06 16:07:45,879 - Validation score increased. Copying the best model ...
2026-01-06 16:15:47,548 - [Epoch 130 / 200] bpr_loss: 0.0462 cl_loss: 5.2234 reg_loss: 0.0329 
2026-01-06 16:15:51,547 - Epoch 130 Test set [recall@5: 0.3501 recall@10: 0.4678 recall@20: 0.5960 ] Test set [ndcg@5: 0.2888 ndcg@10: 0.3333 ndcg@20: 0.3720 ] Test set [hr@5: 0.5168 hr@10: 0.6458 hr@20: 0.7635 ] 
2026-01-06 16:15:51,547 - Early stop counter: 1 out of 10
2026-01-06 16:23:53,314 - [Epoch 131 / 200] bpr_loss: 0.0472 cl_loss: 5.2228 reg_loss: 0.0329 
2026-01-06 16:23:57,618 - Epoch 131 Test set [recall@5: 0.3511 recall@10: 0.4700 recall@20: 0.5973 ] Test set [ndcg@5: 0.2891 ndcg@10: 0.3340 ndcg@20: 0.3724 ] Test set [hr@5: 0.5189 hr@10: 0.6464 hr@20: 0.7633 ] 
2026-01-06 16:23:57,618 - Early stop counter: 2 out of 10
2026-01-06 16:31:59,508 - [Epoch 132 / 200] bpr_loss: 0.0466 cl_loss: 5.2219 reg_loss: 0.0330 
2026-01-06 16:32:03,384 - Epoch 132 Test set [recall@5: 0.3538 recall@10: 0.4723 recall@20: 0.6002 ] Test set [ndcg@5: 0.2918 ndcg@10: 0.3366 ndcg@20: 0.3752 ] Test set [hr@5: 0.5212 hr@10: 0.6480 hr@20: 0.7672 ] 
2026-01-06 16:32:03,386 - Validation score increased. Copying the best model ...
2026-01-06 16:40:05,311 - [Epoch 133 / 200] bpr_loss: 0.0465 cl_loss: 5.2214 reg_loss: 0.0331 
2026-01-06 16:40:09,212 - Epoch 133 Test set [recall@5: 0.3516 recall@10: 0.4692 recall@20: 0.5989 ] Test set [ndcg@5: 0.2903 ndcg@10: 0.3348 ndcg@20: 0.3739 ] Test set [hr@5: 0.5186 hr@10: 0.6454 hr@20: 0.7651 ] 
2026-01-06 16:40:09,213 - Early stop counter: 1 out of 10
2026-01-06 16:48:11,119 - [Epoch 134 / 200] bpr_loss: 0.0464 cl_loss: 5.2215 reg_loss: 0.0331 
2026-01-06 16:48:14,942 - Epoch 134 Test set [recall@5: 0.3512 recall@10: 0.4695 recall@20: 0.5977 ] Test set [ndcg@5: 0.2906 ndcg@10: 0.3353 ndcg@20: 0.3739 ] Test set [hr@5: 0.5179 hr@10: 0.6455 hr@20: 0.7648 ] 
2026-01-06 16:48:14,942 - Early stop counter: 2 out of 10
2026-01-06 16:56:17,031 - [Epoch 135 / 200] bpr_loss: 0.0467 cl_loss: 5.2210 reg_loss: 0.0332 
2026-01-06 16:56:20,888 - Epoch 135 Test set [recall@5: 0.3509 recall@10: 0.4650 recall@20: 0.5946 ] Test set [ndcg@5: 0.2905 ndcg@10: 0.3337 ndcg@20: 0.3728 ] Test set [hr@5: 0.5172 hr@10: 0.6405 hr@20: 0.7619 ] 
2026-01-06 16:56:20,888 - Early stop counter: 3 out of 10
2026-01-06 17:04:22,802 - [Epoch 136 / 200] bpr_loss: 0.0465 cl_loss: 5.2210 reg_loss: 0.0332 
2026-01-06 17:04:26,646 - Epoch 136 Test set [recall@5: 0.3508 recall@10: 0.4687 recall@20: 0.5973 ] Test set [ndcg@5: 0.2902 ndcg@10: 0.3347 ndcg@20: 0.3735 ] Test set [hr@5: 0.5173 hr@10: 0.6456 hr@20: 0.7644 ] 
2026-01-06 17:04:26,647 - Early stop counter: 4 out of 10
2026-01-06 17:12:28,411 - [Epoch 137 / 200] bpr_loss: 0.0465 cl_loss: 5.2213 reg_loss: 0.0333 
2026-01-06 17:12:32,278 - Epoch 137 Test set [recall@5: 0.3495 recall@10: 0.4691 recall@20: 0.5965 ] Test set [ndcg@5: 0.2894 ndcg@10: 0.3346 ndcg@20: 0.3730 ] Test set [hr@5: 0.5158 hr@10: 0.6454 hr@20: 0.7636 ] 
2026-01-06 17:12:32,279 - Early stop counter: 5 out of 10
2026-01-06 17:20:34,122 - [Epoch 138 / 200] bpr_loss: 0.0459 cl_loss: 5.2204 reg_loss: 0.0333 
2026-01-06 17:20:38,200 - Epoch 138 Test set [recall@5: 0.3516 recall@10: 0.4686 recall@20: 0.5970 ] Test set [ndcg@5: 0.2912 ndcg@10: 0.3356 ndcg@20: 0.3743 ] Test set [hr@5: 0.5178 hr@10: 0.6452 hr@20: 0.7646 ] 
2026-01-06 17:20:38,200 - Early stop counter: 6 out of 10
2026-01-06 17:28:39,954 - [Epoch 139 / 200] bpr_loss: 0.0459 cl_loss: 5.2201 reg_loss: 0.0334 
2026-01-06 17:28:44,214 - Epoch 139 Test set [recall@5: 0.3492 recall@10: 0.4683 recall@20: 0.5973 ] Test set [ndcg@5: 0.2898 ndcg@10: 0.3348 ndcg@20: 0.3737 ] Test set [hr@5: 0.5153 hr@10: 0.6438 hr@20: 0.7646 ] 
2026-01-06 17:28:44,214 - Early stop counter: 7 out of 10
2026-01-06 17:36:45,882 - [Epoch 140 / 200] bpr_loss: 0.0452 cl_loss: 5.2186 reg_loss: 0.0334 
2026-01-06 17:36:49,790 - Epoch 140 Test set [recall@5: 0.3503 recall@10: 0.4689 recall@20: 0.5967 ] Test set [ndcg@5: 0.2902 ndcg@10: 0.3350 ndcg@20: 0.3736 ] Test set [hr@5: 0.5161 hr@10: 0.6446 hr@20: 0.7635 ] 
2026-01-06 17:36:49,790 - Early stop counter: 8 out of 10
2026-01-06 17:44:51,932 - [Epoch 141 / 200] bpr_loss: 0.0458 cl_loss: 5.2200 reg_loss: 0.0335 
2026-01-06 17:44:55,810 - Epoch 141 Test set [recall@5: 0.3504 recall@10: 0.4679 recall@20: 0.5956 ] Test set [ndcg@5: 0.2897 ndcg@10: 0.3341 ndcg@20: 0.3727 ] Test set [hr@5: 0.5159 hr@10: 0.6434 hr@20: 0.7624 ] 
2026-01-06 17:44:55,811 - Early stop counter: 9 out of 10
2026-01-06 17:52:57,940 - [Epoch 142 / 200] bpr_loss: 0.0454 cl_loss: 5.2185 reg_loss: 0.0335 
2026-01-06 17:53:01,817 - Epoch 142 Test set [recall@5: 0.3513 recall@10: 0.4693 recall@20: 0.5955 ] Test set [ndcg@5: 0.2910 ndcg@10: 0.3356 ndcg@20: 0.3737 ] Test set [hr@5: 0.5173 hr@10: 0.6460 hr@20: 0.7636 ] 
2026-01-06 17:53:01,818 - Early stop counter: 10 out of 10
2026-01-06 17:53:01,818 - Best Epoch 132
2026-01-06 17:53:04,681 - Test set [recall@5: 0.3538 recall@10: 0.4723 recall@20: 0.6002 ] Test set [ndcg@5: 0.2918 ndcg@10: 0.3366 ndcg@20: 0.3752 ] Test set [hr@5: 0.5212 hr@10: 0.6480 hr@20: 0.7672 ] 
2026-01-06 17:53:07,980 - Test set [recall@5: 0.3538 recall@10: 0.4723 recall@20: 0.6002 ] Test set [ndcg@5: 0.2918 ndcg@10: 0.3366 ndcg@20: 0.3752 ] Test set [hr@5: 0.5212 hr@10: 0.6480 hr@20: 0.7672 ] 
